Using pre-set license
Built from '2020.2/release' branch; Version is '2020.2.2f1 (068178b99f32) revision 426360'; Using compiler version '192528614'; Build Type 'Release'
OS: 'Windows 10 Pro; OS build 19042.508; Version 2009; 64bit' Language: 'en' Physical Memory: 16349 MB
BatchMode: 1, IsHumanControllingUs: 0, StartBugReporterOnCrash: 0, Is64bit: 1, IsPro: 0

 COMMAND LINE ARGUMENTS:
D:\Unity\2020.2.2f1\Editor\Unity.exe
-adb2
-batchMode
-noUpm
-name
AssetImportWorker0
-projectPath
D:/Unity/Projects/Incremental
-logFile
Logs/AssetImportWorker0.log
-srvPort
63479
Successfully changed project path to: D:/Unity/Projects/Incremental
D:/Unity/Projects/Incremental
Using Asset Import Pipeline V2.
Refreshing native plugins compatible for Editor in 36.39 ms, found 1 plugins.
Preloading 0 native plugins for Editor in 0.00 ms.
Initialize engine version: 2020.2.2f1 (068178b99f32)
[Subsystems] Discovering subsystems at path D:/Unity/2020.2.2f1/Editor/Data/Resources/UnitySubsystems
[Subsystems] Discovering subsystems at path D:/Unity/Projects/Incremental/Assets
GfxDevice: creating device client; threaded=0
Direct3D:
    Version:  Direct3D 11.0 [level 11.1]
    Renderer: AMD Radeon RX 5600 XT (ID=0x731f)
    Vendor:   
    VRAM:     6103 MB
    Driver:   27.20.15003.1004
Initialize mono
Mono path[0] = 'D:/Unity/2020.2.2f1/Editor/Data/Managed'
Mono path[1] = 'D:/Unity/2020.2.2f1/Editor/Data/MonoBleedingEdge/lib/mono/unityjit'
Mono config path = 'D:/Unity/2020.2.2f1/Editor/Data/MonoBleedingEdge/etc'
Using monoOptions --debugger-agent=transport=dt_socket,embedding=1,server=y,suspend=n,address=127.0.0.1:56084
Begin MonoManager ReloadAssembly
Registering precompiled unity dll's ...
Register platform support module: D:/Unity/2020.2.2f1/Editor/Data/PlaybackEngines/WindowsStandaloneSupport/UnityEditor.WindowsStandalone.Extensions.dll
Registered in 0.001043 seconds.
Native extension for WindowsStandalone target not found
Refreshing native plugins compatible for Editor in 38.92 ms, found 1 plugins.
Preloading 0 native plugins for Editor in 0.00 ms.
Invoked RoslynAnalysisRunner static constructor.
RoslynAnalysisRunner will not be running.
RoslynAnalysisRunner has terminated.
Mono: successfully reloaded assembly
- Completed reload, in  1.219 seconds
Platform modules already initialized, skipping
Registering precompiled user dll's ...
Registered in 0.000837 seconds.
Begin MonoManager ReloadAssembly
Native extension for WindowsStandalone target not found
Refreshing native plugins compatible for Editor in 36.79 ms, found 1 plugins.
Preloading 0 native plugins for Editor in 0.00 ms.
Invoked RoslynAnalysisRunner static constructor.
RoslynAnalysisRunner will not be running.
RoslynAnalysisRunner has terminated.
Mono: successfully reloaded assembly
- Completed reload, in  1.019 seconds
Platform modules already initialized, skipping
========================================================================
Worker process is ready to serve import requests
Launched and connected shader compiler UnityShaderCompiler.exe after 0.05 seconds
Refreshing native plugins compatible for Editor in 0.37 ms, found 1 plugins.
Preloading 0 native plugins for Editor in 0.00 ms.
Unloading 1792 Unused Serialized files (Serialized files now loaded: 0)
System memory in use before: 84.2 MB.
System memory in use after: 84.2 MB.

Unloading 24 unused Assets to reduce memory usage. Loaded Objects now: 2234.
Total: 2.476300 ms (FindLiveObjects: 0.189400 ms CreateObjectMapping: 0.077200 ms MarkObjects: 2.069600 ms  DeleteObjects: 0.139300 ms)

========================================================================
Received Import Request.
  path: Assets
  artifactKey: Guid(00000000000000001000000000000000) Importer(815301076,1909f56bfc062723c751e8b465ee728b)
Start importing Assets using Guid(00000000000000001000000000000000) Importer(815301076,1909f56bfc062723c751e8b465ee728b)  -> (artifact id: '4a6e520b92ccfc61bcfa21a7bcab8468') in 0.018768 seconds
  Import took 0.022342 seconds .

========================================================================
Received Import Request.
  Time since last request: 0.410380 seconds.
  path: Assets/Prefabs
  artifactKey: Guid(1c01c54f532f94f45895349a64e5b7f7) Importer(815301076,1909f56bfc062723c751e8b465ee728b)
Start importing Assets/Prefabs using Guid(1c01c54f532f94f45895349a64e5b7f7) Importer(815301076,1909f56bfc062723c751e8b465ee728b)  -> (artifact id: 'bd3048c447487260daecd4dd74021984') in 0.017908 seconds
  Import took 0.021959 seconds .

========================================================================
Received Import Request.
  Time since last request: 4.574042 seconds.
  path: Assets/Prefabs/Resource UI.prefab
  artifactKey: Guid(94a511893f9f4704da1626e703bb0b30) Importer(815301076,1909f56bfc062723c751e8b465ee728b)
Start importing Assets/Prefabs/Resource UI.prefab using Guid(94a511893f9f4704da1626e703bb0b30) Importer(815301076,1909f56bfc062723c751e8b465ee728b)  -> (artifact id: 'c576152fc5b66954e686de67ec6a7933') in 0.117650 seconds
  Import took 0.123471 seconds .

========================================================================
Received Import Request.
  Time since last request: 95.902579 seconds.
  path: Assets/Scenes
  artifactKey: Guid(c2acddf7d20f73c478a80e66ac432646) Importer(815301076,1909f56bfc062723c751e8b465ee728b)
Start importing Assets/Scenes using Guid(c2acddf7d20f73c478a80e66ac432646) Importer(815301076,1909f56bfc062723c751e8b465ee728b)  -> (artifact id: '879aa4c51a5522f05c41578c9478beab') in 0.016269 seconds
  Import took 0.021125 seconds .

========================================================================
Received Import Request.
  Time since last request: 6.706429 seconds.
  path: Assets/Scripts
  artifactKey: Guid(e828fdb71b09069449ab0c34e140c0af) Importer(815301076,1909f56bfc062723c751e8b465ee728b)
Start importing Assets/Scripts using Guid(e828fdb71b09069449ab0c34e140c0af) Importer(815301076,1909f56bfc062723c751e8b465ee728b)  -> (artifact id: '8e0c3d9f35b0db8604bc2460b7b25bad') in 0.014000 seconds
  Import took 0.019265 seconds .

========================================================================
Received Import Request.
  Time since last request: 15.263109 seconds.
  path: Assets/Scripts/GameManager.cs
  artifactKey: Guid(c69f713f72b51c347b8ff7642d4bbdcb) Importer(815301076,1909f56bfc062723c751e8b465ee728b)
Start importing Assets/Scripts/GameManager.cs using Guid(c69f713f72b51c347b8ff7642d4bbdcb) Importer(815301076,1909f56bfc062723c751e8b465ee728b)  -> (artifact id: '22843644399e928e59caff45991db2bb') in 0.029365 seconds
  Import took 0.033663 seconds .

========================================================================
Received Import Request.
  Time since last request: 0.076063 seconds.
  path: Assets/Scripts/GameManager.cs
  artifactKey: Guid(c69f713f72b51c347b8ff7642d4bbdcb) Importer(815301076,1909f56bfc062723c751e8b465ee728b)
Start importing Assets/Scripts/GameManager.cs using Guid(c69f713f72b51c347b8ff7642d4bbdcb) Importer(815301076,1909f56bfc062723c751e8b465ee728b)  -> (artifact id: '22843644399e928e59caff45991db2bb') in 0.002897 seconds
  Import took 0.009607 seconds .

========================================================================
Received Prepare
Registering precompiled user dll's ...
Registered in 0.001199 seconds.
Begin MonoManager ReloadAssembly
Native extension for WindowsStandalone target not found
Refreshing native plugins compatible for Editor in 0.73 ms, found 1 plugins.
Preloading 0 native plugins for Editor in 0.00 ms.
Invoked RoslynAnalysisRunner static constructor.
RoslynAnalysisRunner will not be running.
RoslynAnalysisRunner has terminated.
Mono: successfully reloaded assembly
- Completed reload, in  3.301 seconds
Platform modules already initialized, skipping
Refreshing native plugins compatible for Editor in 0.39 ms, found 1 plugins.
Preloading 0 native plugins for Editor in 0.00 ms.
Unloading 1788 Unused Serialized files (Serialized files now loaded: 0)
System memory in use before: 84.3 MB.
System memory in use after: 84.3 MB.

Unloading 12 unused Assets to reduce memory usage. Loaded Objects now: 2240.
Total: 4.597500 ms (FindLiveObjects: 0.446200 ms CreateObjectMapping: 0.230700 ms MarkObjects: 3.648000 ms  DeleteObjects: 0.269600 ms)

========================================================================
Received Import Request.
  Time since last request: 151.851293 seconds.
  path: Assets/Scripts/ResourceController.cs
  artifactKey: Guid(c864c297bc3b74c4ebe3e84e315cf601) Importer(815301076,1909f56bfc062723c751e8b465ee728b)
Start importing Assets/Scripts/ResourceController.cs using Guid(c864c297bc3b74c4ebe3e84e315cf601) Importer(815301076,1909f56bfc062723c751e8b465ee728b)  -> (artifact id: 'e3e1b545c5fcea3aa3ad04cc87a2f348') in 0.017092 seconds
  Import took 0.022002 seconds .

========================================================================
Received Prepare
Registering precompiled user dll's ...
Registered in 0.001708 seconds.
Begin MonoManager ReloadAssembly
Native extension for WindowsStandalone target not found
Refreshing native plugins compatible for Editor in 0.81 ms, found 1 plugins.
Preloading 0 native plugins for Editor in 0.00 ms.
Invoked RoslynAnalysisRunner static constructor.
RoslynAnalysisRunner will not be running.
RoslynAnalysisRunner has terminated.
Mono: successfully reloaded assembly
- Completed reload, in  1.198 seconds
Platform modules already initialized, skipping
Refreshing native plugins compatible for Editor in 0.38 ms, found 1 plugins.
Preloading 0 native plugins for Editor in 0.00 ms.
Unloading 1789 Unused Serialized files (Serialized files now loaded: 0)
System memory in use before: 84.4 MB.
System memory in use after: 84.4 MB.

Unloading 12 unused Assets to reduce memory usage. Loaded Objects now: 2244.
Total: 2.448800 ms (FindLiveObjects: 0.213900 ms CreateObjectMapping: 0.082100 ms MarkObjects: 2.025400 ms  DeleteObjects: 0.126200 ms)

========================================================================
Received Import Request.
  Time since last request: 621.908275 seconds.
  path: Assets/Scripts/ResourceController.cs
  artifactKey: Guid(c864c297bc3b74c4ebe3e84e315cf601) Importer(815301076,1909f56bfc062723c751e8b465ee728b)
Start importing Assets/Scripts/ResourceController.cs using Guid(c864c297bc3b74c4ebe3e84e315cf601) Importer(815301076,1909f56bfc062723c751e8b465ee728b)  -> (artifact id: 'eb76f486c097919a8345cd580d8e75cf') in 0.024109 seconds
  Import took 0.029954 seconds .

========================================================================
Received Prepare
Registering precompiled user dll's ...
Registered in 0.044336 seconds.
Begin MonoManager ReloadAssembly
Native extension for WindowsStandalone target not found
Refreshing native plugins compatible for Editor in 0.38 ms, found 1 plugins.
Preloading 0 native plugins for Editor in 0.00 ms.
Invoked RoslynAnalysisRunner static constructor.
RoslynAnalysisRunner will not be running.
RoslynAnalysisRunner has terminated.
Mono: successfully reloaded assembly
- Completed reload, in  0.878 seconds
Platform modules already initialized, skipping
Refreshing native plugins compatible for Editor in 0.39 ms, found 1 plugins.
Preloading 0 native plugins for Editor in 0.00 ms.
Unloading 1789 Unused Serialized files (Serialized files now loaded: 0)
System memory in use before: 84.5 MB.
System memory in use after: 84.5 MB.

Unloading 12 unused Assets to reduce memory usage. Loaded Objects now: 2247.
Total: 2.584800 ms (FindLiveObjects: 0.271900 ms CreateObjectMapping: 0.173000 ms MarkObjects: 2.013000 ms  DeleteObjects: 0.125400 ms)

========================================================================
Received Import Request.
  Time since last request: 256.670305 seconds.
  path: Assets/Scripts/NewBehaviourScript.cs
  artifactKey: Guid(c1b1e9baba925df4fb056f1c056b53f2) Importer(815301076,1909f56bfc062723c751e8b465ee728b)
Start importing Assets/Scripts/NewBehaviourScript.cs using Guid(c1b1e9baba925df4fb056f1c056b53f2) Importer(815301076,1909f56bfc062723c751e8b465ee728b)  -> (artifact id: '5cd8d94f613dc309571484b6e5d48b1a') in 0.022609 seconds
  Import took 0.027340 seconds .

========================================================================
Received Import Request.
  Time since last request: 5.642552 seconds.
  path: Assets/Scripts/GameManager.cs
  artifactKey: Guid(c69f713f72b51c347b8ff7642d4bbdcb) Importer(815301076,1909f56bfc062723c751e8b465ee728b)
Start importing Assets/Scripts/GameManager.cs using Guid(c69f713f72b51c347b8ff7642d4bbdcb) Importer(815301076,1909f56bfc062723c751e8b465ee728b)  -> (artifact id: 'e2060bd405a1f2dfd272f9df50d40376') in 0.016669 seconds
  Import took 0.021118 seconds .

========================================================================
Received Prepare
Registering precompiled user dll's ...
Registered in 0.000892 seconds.
Begin MonoManager ReloadAssembly
Native extension for WindowsStandalone target not found
Refreshing native plugins compatible for Editor in 0.51 ms, found 1 plugins.
Preloading 0 native plugins for Editor in 0.00 ms.
Invoked RoslynAnalysisRunner static constructor.
RoslynAnalysisRunner will not be running.
RoslynAnalysisRunner has terminated.
Mono: successfully reloaded assembly
- Completed reload, in  1.026 seconds
Platform modules already initialized, skipping
Refreshing native plugins compatible for Editor in 0.40 ms, found 1 plugins.
Preloading 0 native plugins for Editor in 0.00 ms.
Unloading 1789 Unused Serialized files (Serialized files now loaded: 0)
System memory in use before: 84.6 MB.
System memory in use after: 84.6 MB.

Unloading 12 unused Assets to reduce memory usage. Loaded Objects now: 2250.
Total: 2.716000 ms (FindLiveObjects: 0.288200 ms CreateObjectMapping: 0.180900 ms MarkObjects: 2.111200 ms  DeleteObjects: 0.134100 ms)

========================================================================
Received Import Request.
  Time since last request: 697.298592 seconds.
  path: Assets/Scripts/GameManager.cs
  artifactKey: Guid(c69f713f72b51c347b8ff7642d4bbdcb) Importer(815301076,1909f56bfc062723c751e8b465ee728b)
Start importing Assets/Scripts/GameManager.cs using Guid(c69f713f72b51c347b8ff7642d4bbdcb) Importer(815301076,1909f56bfc062723c751e8b465ee728b)  -> (artifact id: 'f310ba9d8c20b3535ff89bacdaa23527') in 0.005071 seconds
  Import took 0.008995 seconds .

========================================================================
Received Prepare
Registering precompiled user dll's ...
Registered in 0.001471 seconds.
Begin MonoManager ReloadAssembly
Native extension for WindowsStandalone target not found
Refreshing native plugins compatible for Editor in 0.80 ms, found 1 plugins.
Preloading 0 native plugins for Editor in 0.00 ms.
Invoked RoslynAnalysisRunner static constructor.
RoslynAnalysisRunner will not be running.
RoslynAnalysisRunner has terminated.
Mono: successfully reloaded assembly
- Completed reload, in  1.302 seconds
Platform modules already initialized, skipping
Refreshing native plugins compatible for Editor in 0.66 ms, found 1 plugins.
Preloading 0 native plugins for Editor in 0.00 ms.
Unloading 1789 Unused Serialized files (Serialized files now loaded: 0)
System memory in use before: 84.7 MB.
System memory in use after: 84.7 MB.

Unloading 12 unused Assets to reduce memory usage. Loaded Objects now: 2253.
Total: 4.451600 ms (FindLiveObjects: 0.542600 ms CreateObjectMapping: 0.241300 ms MarkObjects: 3.462100 ms  DeleteObjects: 0.202700 ms)

========================================================================
Received Import Request.
  Time since last request: 106.635469 seconds.
  path: Assets/Prefabs/Resource UI Variant.prefab
  artifactKey: Guid(682202b9e64bbd7458afe24abb4d1354) Importer(815301076,1909f56bfc062723c751e8b465ee728b)
Start importing Assets/Prefabs/Resource UI Variant.prefab using Guid(682202b9e64bbd7458afe24abb4d1354) Importer(815301076,1909f56bfc062723c751e8b465ee728b)  -> (artifact id: 'dc9fdae2163a6552f072185c7e9dd66b') in 0.062299 seconds
  Import took 0.067457 seconds .

========================================================================
Received Import Request.
  Time since last request: 5.466028 seconds.
  path: Assets/Prefabs/Resource UI Variant.prefab
  artifactKey: Guid(682202b9e64bbd7458afe24abb4d1354) Importer(815301076,1909f56bfc062723c751e8b465ee728b)
Start importing Assets/Prefabs/Resource UI Variant.prefab using Guid(682202b9e64bbd7458afe24abb4d1354) Importer(815301076,1909f56bfc062723c751e8b465ee728b)  -> (artifact id: '76dc3f113f39caed49f46d5ec415099a') in 0.005752 seconds
  Import took 0.012322 seconds .

========================================================================
Received Import Request.
  Time since last request: 319.904839 seconds.
  path: Assets/Prefabs/Resource UI.prefab
  artifactKey: Guid(94a511893f9f4704da1626e703bb0b30) Importer(815301076,1909f56bfc062723c751e8b465ee728b)
Start importing Assets/Prefabs/Resource UI.prefab using Guid(94a511893f9f4704da1626e703bb0b30) Importer(815301076,1909f56bfc062723c751e8b465ee728b)  -> (artifact id: '780910dd1d6c8d20997f65fdc9f85884') in 0.022357 seconds
  Import took 0.027554 seconds .

========================================================================
Received Import Request.
  Time since last request: 8.301050 seconds.
  path: Assets/Prefabs/Resource UI.prefab
  artifactKey: Guid(94a511893f9f4704da1626e703bb0b30) Importer(815301076,1909f56bfc062723c751e8b465ee728b)
Start importing Assets/Prefabs/Resource UI.prefab using Guid(94a511893f9f4704da1626e703bb0b30) Importer(815301076,1909f56bfc062723c751e8b465ee728b)  -> (artifact id: '2244ad7a81aca70b2d658735c37d49bf') in 0.006601 seconds
  Import took 0.010921 seconds .

========================================================================
Received Import Request.
  Time since last request: 20.001890 seconds.
  path: Assets/Prefabs/Resource UI.prefab
  artifactKey: Guid(94a511893f9f4704da1626e703bb0b30) Importer(815301076,1909f56bfc062723c751e8b465ee728b)
Start importing Assets/Prefabs/Resource UI.prefab using Guid(94a511893f9f4704da1626e703bb0b30) Importer(815301076,1909f56bfc062723c751e8b465ee728b)  -> (artifact id: '85974869e8c998d0bb30bb96b6a9e903') in 0.005738 seconds
  Import took 0.011837 seconds .

========================================================================
Received Import Request.
  Time since last request: 5.297038 seconds.
  path: Assets/Prefabs/Resource UI.prefab
  artifactKey: Guid(94a511893f9f4704da1626e703bb0b30) Importer(815301076,1909f56bfc062723c751e8b465ee728b)
Start importing Assets/Prefabs/Resource UI.prefab using Guid(94a511893f9f4704da1626e703bb0b30) Importer(815301076,1909f56bfc062723c751e8b465ee728b)  -> (artifact id: '705bc32ebe4057db4c3cf52e6ef36e95') in 0.005880 seconds
  Import took 0.010693 seconds .

========================================================================
Received Import Request.
  Time since last request: 3.369217 seconds.
  path: Assets/Prefabs/Resource UI.prefab
  artifactKey: Guid(94a511893f9f4704da1626e703bb0b30) Importer(815301076,1909f56bfc062723c751e8b465ee728b)
Start importing Assets/Prefabs/Resource UI.prefab using Guid(94a511893f9f4704da1626e703bb0b30) Importer(815301076,1909f56bfc062723c751e8b465ee728b)  -> (artifact id: '3a451b768316c8e9a40cc9b1b851fd58') in 0.005779 seconds
  Import took 0.011837 seconds .

========================================================================
Received Import Request.
  Time since last request: 0.789135 seconds.
  path: Assets/Prefabs/Resource UI.prefab
  artifactKey: Guid(94a511893f9f4704da1626e703bb0b30) Importer(815301076,1909f56bfc062723c751e8b465ee728b)
Start importing Assets/Prefabs/Resource UI.prefab using Guid(94a511893f9f4704da1626e703bb0b30) Importer(815301076,1909f56bfc062723c751e8b465ee728b)  -> (artifact id: '023bba4d0351ed1dccfac714d76af988') in 0.005546 seconds
  Import took 0.010755 seconds .

========================================================================
Received Import Request.
  Time since last request: 5.410400 seconds.
  path: Assets/Prefabs/Resource UI.prefab
  artifactKey: Guid(94a511893f9f4704da1626e703bb0b30) Importer(815301076,1909f56bfc062723c751e8b465ee728b)
Start importing Assets/Prefabs/Resource UI.prefab using Guid(94a511893f9f4704da1626e703bb0b30) Importer(815301076,1909f56bfc062723c751e8b465ee728b)  -> (artifact id: '5e30335806af3b5bbb3a1ac5f2f4ece9') in 0.005758 seconds
  Import took 0.010972 seconds .

========================================================================
Received Import Request.
  Time since last request: 45.289680 seconds.
  path: Assets/Prefabs/Resource UI.prefab
  artifactKey: Guid(94a511893f9f4704da1626e703bb0b30) Importer(815301076,1909f56bfc062723c751e8b465ee728b)
Start importing Assets/Prefabs/Resource UI.prefab using Guid(94a511893f9f4704da1626e703bb0b30) Importer(815301076,1909f56bfc062723c751e8b465ee728b)  -> (artifact id: '4674c4a544236fc398e491d4c81956be') in 0.005485 seconds
  Import took 0.010489 seconds .

========================================================================
Received Import Request.
  Time since last request: 8.670967 seconds.
  path: Assets/Prefabs/Resource UI.prefab
  artifactKey: Guid(94a511893f9f4704da1626e703bb0b30) Importer(815301076,1909f56bfc062723c751e8b465ee728b)
Start importing Assets/Prefabs/Resource UI.prefab using Guid(94a511893f9f4704da1626e703bb0b30) Importer(815301076,1909f56bfc062723c751e8b465ee728b)  -> (artifact id: 'ac80cc0d2eca5cec902fa1cded4b7c36') in 0.005728 seconds
  Import took 0.012065 seconds .

========================================================================
Received Import Request.
  Time since last request: 6.452380 seconds.
  path: Assets/Prefabs/Resource UI.prefab
  artifactKey: Guid(94a511893f9f4704da1626e703bb0b30) Importer(815301076,1909f56bfc062723c751e8b465ee728b)
Start importing Assets/Prefabs/Resource UI.prefab using Guid(94a511893f9f4704da1626e703bb0b30) Importer(815301076,1909f56bfc062723c751e8b465ee728b)  -> (artifact id: '961f1e10ad4160c5c23c5e07b22a2631') in 0.005098 seconds
  Import took 0.009795 seconds .

========================================================================
Received Import Request.
  Time since last request: 1.455305 seconds.
  path: Assets/Prefabs/Resource UI.prefab
  artifactKey: Guid(94a511893f9f4704da1626e703bb0b30) Importer(815301076,1909f56bfc062723c751e8b465ee728b)
Start importing Assets/Prefabs/Resource UI.prefab using Guid(94a511893f9f4704da1626e703bb0b30) Importer(815301076,1909f56bfc062723c751e8b465ee728b)  -> (artifact id: '2f2072c992d03c19f43e4e9f4f8988bd') in 0.005241 seconds
  Import took 0.010611 seconds .

========================================================================
Received Import Request.
  Time since last request: 1.854760 seconds.
  path: Assets/Prefabs/Resource UI.prefab
  artifactKey: Guid(94a511893f9f4704da1626e703bb0b30) Importer(815301076,1909f56bfc062723c751e8b465ee728b)
Start importing Assets/Prefabs/Resource UI.prefab using Guid(94a511893f9f4704da1626e703bb0b30) Importer(815301076,1909f56bfc062723c751e8b465ee728b)  -> (artifact id: '3adefa71a120e5667347ae5ce8509eb6') in 0.005967 seconds
  Import took 0.011358 seconds .

========================================================================
Received Import Request.
  Time since last request: 4.659287 seconds.
  path: Assets/Prefabs/Resource UI.prefab
  artifactKey: Guid(94a511893f9f4704da1626e703bb0b30) Importer(815301076,1909f56bfc062723c751e8b465ee728b)
Start importing Assets/Prefabs/Resource UI.prefab using Guid(94a511893f9f4704da1626e703bb0b30) Importer(815301076,1909f56bfc062723c751e8b465ee728b)  -> (artifact id: '3cfb52f2fe28412a71df3e053c5570e0') in 0.005362 seconds
  Import took 0.010175 seconds .

========================================================================
Received Import Request.
  Time since last request: 62.100831 seconds.
  path: Assets/Prefabs/Resource UI.prefab
  artifactKey: Guid(94a511893f9f4704da1626e703bb0b30) Importer(815301076,1909f56bfc062723c751e8b465ee728b)
Start importing Assets/Prefabs/Resource UI.prefab using Guid(94a511893f9f4704da1626e703bb0b30) Importer(815301076,1909f56bfc062723c751e8b465ee728b)  -> (artifact id: '6c92c168e6db0122236bfb41184baa97') in 0.006147 seconds
  Import took 0.011419 seconds .

========================================================================
Received Import Request.
  Time since last request: 3.257487 seconds.
  path: Assets/Prefabs/Resource UI.prefab
  artifactKey: Guid(94a511893f9f4704da1626e703bb0b30) Importer(815301076,1909f56bfc062723c751e8b465ee728b)
Start importing Assets/Prefabs/Resource UI.prefab using Guid(94a511893f9f4704da1626e703bb0b30) Importer(815301076,1909f56bfc062723c751e8b465ee728b)  -> (artifact id: 'dcc742f780a2de5395e7e76af93ac0c3') in 0.006199 seconds
  Import took 0.011552 seconds .

========================================================================
Received Import Request.
  Time since last request: 1.637486 seconds.
  path: Assets/Prefabs/Resource UI.prefab
  artifactKey: Guid(94a511893f9f4704da1626e703bb0b30) Importer(815301076,1909f56bfc062723c751e8b465ee728b)
Start importing Assets/Prefabs/Resource UI.prefab using Guid(94a511893f9f4704da1626e703bb0b30) Importer(815301076,1909f56bfc062723c751e8b465ee728b)  -> (artifact id: 'a69bd220d274277a3696650e453313e4') in 0.005942 seconds
  Import took 0.010792 seconds .

========================================================================
Received Import Request.
  Time since last request: 2.040851 seconds.
  path: Assets/Prefabs/Resource UI.prefab
  artifactKey: Guid(94a511893f9f4704da1626e703bb0b30) Importer(815301076,1909f56bfc062723c751e8b465ee728b)
Start importing Assets/Prefabs/Resource UI.prefab using Guid(94a511893f9f4704da1626e703bb0b30) Importer(815301076,1909f56bfc062723c751e8b465ee728b)  -> (artifact id: 'e2717ef462ef6f4395d95a2c15d096ee') in 0.005217 seconds
  Import took 0.009649 seconds .

========================================================================
Received Prepare
Registering precompiled user dll's ...
Registered in 0.001266 seconds.
Begin MonoManager ReloadAssembly
Native extension for WindowsStandalone target not found
Refreshing native plugins compatible for Editor in 0.75 ms, found 1 plugins.
Preloading 0 native plugins for Editor in 0.00 ms.
Invoked RoslynAnalysisRunner static constructor.
RoslynAnalysisRunner will not be running.
RoslynAnalysisRunner has terminated.
Mono: successfully reloaded assembly
- Completed reload, in  1.352 seconds
Platform modules already initialized, skipping
Refreshing native plugins compatible for Editor in 0.74 ms, found 1 plugins.
Preloading 0 native plugins for Editor in 0.00 ms.
Unloading 1789 Unused Serialized files (Serialized files now loaded: 0)
System memory in use before: 84.8 MB.
System memory in use after: 84.8 MB.

Unloading 12 unused Assets to reduce memory usage. Loaded Objects now: 2256.
Total: 4.652200 ms (FindLiveObjects: 0.532200 ms CreateObjectMapping: 0.276700 ms MarkObjects: 3.662100 ms  DeleteObjects: 0.178100 ms)

========================================================================
Received Import Request.
  Time since last request: 168.639957 seconds.
  path: Assets/Scripts/TapText.cs
  artifactKey: Guid(2873ab05ea8f4c94fac435ccde7bff5e) Importer(815301076,1909f56bfc062723c751e8b465ee728b)
Start importing Assets/Scripts/TapText.cs using Guid(2873ab05ea8f4c94fac435ccde7bff5e) Importer(815301076,1909f56bfc062723c751e8b465ee728b)  -> (artifact id: 'cbe18924d8b0548b74e700d3bf9a3b23') in 0.024033 seconds
  Import took 0.028892 seconds .

========================================================================
Received Prepare
Registering precompiled user dll's ...
Registered in 0.001321 seconds.
Begin MonoManager ReloadAssembly
Native extension for WindowsStandalone target not found
Refreshing native plugins compatible for Editor in 1.21 ms, found 1 plugins.
Preloading 0 native plugins for Editor in 0.00 ms.
Invoked RoslynAnalysisRunner static constructor.
RoslynAnalysisRunner will not be running.
RoslynAnalysisRunner has terminated.
Mono: successfully reloaded assembly
- Completed reload, in  1.173 seconds
Platform modules already initialized, skipping
Refreshing native plugins compatible for Editor in 0.38 ms, found 1 plugins.
Preloading 0 native plugins for Editor in 0.00 ms.
Unloading 1790 Unused Serialized files (Serialized files now loaded: 0)
System memory in use before: 84.8 MB.
System memory in use after: 84.8 MB.

Unloading 12 unused Assets to reduce memory usage. Loaded Objects now: 2260.
Total: 3.025100 ms (FindLiveObjects: 0.413000 ms CreateObjectMapping: 0.168500 ms MarkObjects: 2.306700 ms  DeleteObjects: 0.134800 ms)

========================================================================
Received Prepare
Registering precompiled user dll's ...
Registered in 0.001461 seconds.
Begin MonoManager ReloadAssembly
Native extension for WindowsStandalone target not found
Refreshing native plugins compatible for Editor in 0.39 ms, found 1 plugins.
Preloading 0 native plugins for Editor in 0.00 ms.
Invoked RoslynAnalysisRunner static constructor.
RoslynAnalysisRunner will not be running.
RoslynAnalysisRunner has terminated.
Mono: successfully reloaded assembly
- Completed reload, in  1.002 seconds
Platform modules already initialized, skipping
Refreshing native plugins compatible for Editor in 0.37 ms, found 1 plugins.
Preloading 0 native plugins for Editor in 0.00 ms.
Unloading 1790 Unused Serialized files (Serialized files now loaded: 0)
System memory in use before: 84.9 MB.
System memory in use after: 84.9 MB.

Unloading 12 unused Assets to reduce memory usage. Loaded Objects now: 2263.
Total: 2.770900 ms (FindLiveObjects: 0.343700 ms CreateObjectMapping: 0.116900 ms MarkObjects: 2.178000 ms  DeleteObjects: 0.130800 ms)

========================================================================
Received Import Request.
  Time since last request: 164.342181 seconds.
  path: Assets/Scripts/TapText.cs
  artifactKey: Guid(2873ab05ea8f4c94fac435ccde7bff5e) Importer(815301076,1909f56bfc062723c751e8b465ee728b)
Start importing Assets/Scripts/TapText.cs using Guid(2873ab05ea8f4c94fac435ccde7bff5e) Importer(815301076,1909f56bfc062723c751e8b465ee728b)  -> (artifact id: '55701800d26006526c719ca91300da1b') in 0.006179 seconds
  Import took 0.010717 seconds .

========================================================================
Received Import Request.
  Time since last request: 19.680802 seconds.
  path: Assets/Prefabs/Tap Text.prefab
  artifactKey: Guid(8092b06252738d544b6b0bda4fecb167) Importer(815301076,1909f56bfc062723c751e8b465ee728b)
Start importing Assets/Prefabs/Tap Text.prefab using Guid(8092b06252738d544b6b0bda4fecb167) Importer(815301076,1909f56bfc062723c751e8b465ee728b)  -> (artifact id: '9a18bf290e7c4886c56075a21ecce9d9') in 0.055388 seconds
  Import took 0.060005 seconds .

========================================================================
Received Prepare
Registering precompiled user dll's ...
Registered in 0.000949 seconds.
Begin MonoManager ReloadAssembly
Native extension for WindowsStandalone target not found
Refreshing native plugins compatible for Editor in 0.42 ms, found 1 plugins.
Preloading 0 native plugins for Editor in 0.00 ms.
Invoked RoslynAnalysisRunner static constructor.
RoslynAnalysisRunner will not be running.
RoslynAnalysisRunner has terminated.
Mono: successfully reloaded assembly
- Completed reload, in  1.047 seconds
Platform modules already initialized, skipping
Refreshing native plugins compatible for Editor in 0.42 ms, found 1 plugins.
Preloading 0 native plugins for Editor in 0.00 ms.
Unloading 1790 Unused Serialized files (Serialized files now loaded: 0)
System memory in use before: 85.0 MB.
System memory in use after: 85.0 MB.

Unloading 12 unused Assets to reduce memory usage. Loaded Objects now: 2266.
Total: 2.685600 ms (FindLiveObjects: 0.245800 ms CreateObjectMapping: 0.150400 ms MarkObjects: 2.158100 ms  DeleteObjects: 0.129900 ms)

========================================================================
Received Import Request.
  Time since last request: 449.572116 seconds.
  path: Assets/Scripts/TapArea.cs
  artifactKey: Guid(a47b39357a274de4091747ad5947060f) Importer(815301076,1909f56bfc062723c751e8b465ee728b)
Start importing Assets/Scripts/TapArea.cs using Guid(a47b39357a274de4091747ad5947060f) Importer(815301076,1909f56bfc062723c751e8b465ee728b)  -> (artifact id: 'e139d815405df98ec8ee725b3f372372') in 0.024351 seconds
  Import took 0.030572 seconds .

========================================================================
Received Prepare
Registering precompiled user dll's ...
Registered in 0.000908 seconds.
Begin MonoManager ReloadAssembly
Native extension for WindowsStandalone target not found
Refreshing native plugins compatible for Editor in 0.40 ms, found 1 plugins.
Preloading 0 native plugins for Editor in 0.00 ms.
Invoked RoslynAnalysisRunner static constructor.
RoslynAnalysisRunner will not be running.
RoslynAnalysisRunner has terminated.
Mono: successfully reloaded assembly
- Completed reload, in  1.088 seconds
Platform modules already initialized, skipping
Refreshing native plugins compatible for Editor in 0.36 ms, found 1 plugins.
Preloading 0 native plugins for Editor in 0.00 ms.
Unloading 1791 Unused Serialized files (Serialized files now loaded: 0)
System memory in use before: 85.1 MB.
System memory in use after: 85.1 MB.

Unloading 12 unused Assets to reduce memory usage. Loaded Objects now: 2270.
Total: 2.440000 ms (FindLiveObjects: 0.312700 ms CreateObjectMapping: 0.091300 ms MarkObjects: 1.918100 ms  DeleteObjects: 0.116600 ms)

========================================================================
Received Prepare
Registering precompiled user dll's ...
Registered in 0.000848 seconds.
Begin MonoManager ReloadAssembly
Native extension for WindowsStandalone target not found
Refreshing native plugins compatible for Editor in 0.40 ms, found 1 plugins.
Preloading 0 native plugins for Editor in 0.00 ms.
Invoked RoslynAnalysisRunner static constructor.
RoslynAnalysisRunner will not be running.
RoslynAnalysisRunner has terminated.
Mono: successfully reloaded assembly
- Completed reload, in  1.048 seconds
Platform modules already initialized, skipping
Refreshing native plugins compatible for Editor in 0.90 ms, found 1 plugins.
Preloading 0 native plugins for Editor in 0.00 ms.
Unloading 1791 Unused Serialized files (Serialized files now loaded: 0)
System memory in use before: 85.1 MB.
System memory in use after: 85.1 MB.

Unloading 12 unused Assets to reduce memory usage. Loaded Objects now: 2273.
Total: 2.780900 ms (FindLiveObjects: 0.260800 ms CreateObjectMapping: 0.156900 ms MarkObjects: 2.211600 ms  DeleteObjects: 0.150000 ms)

========================================================================
Received Import Request.
  Time since last request: 101.887949 seconds.
  path: Assets/Scripts/TapArea.cs
  artifactKey: Guid(a47b39357a274de4091747ad5947060f) Importer(815301076,1909f56bfc062723c751e8b465ee728b)
Start importing Assets/Scripts/TapArea.cs using Guid(a47b39357a274de4091747ad5947060f) Importer(815301076,1909f56bfc062723c751e8b465ee728b)  -> (artifact id: 'b9c61c06677a03d02ebfdfe26a64be22') in 0.005906 seconds
  Import took 0.009429 seconds .

========================================================================
Received Prepare
Registering precompiled user dll's ...
Registered in 0.001755 seconds.
Begin MonoManager ReloadAssembly
Native extension for WindowsStandalone target not found
Refreshing native plugins compatible for Editor in 0.80 ms, found 1 plugins.
Preloading 0 native plugins for Editor in 0.00 ms.
Invoked RoslynAnalysisRunner static constructor.
RoslynAnalysisRunner will not be running.
RoslynAnalysisRunner has terminated.
Mono: successfully reloaded assembly
- Completed reload, in  1.266 seconds
Platform modules already initialized, skipping
Refreshing native plugins compatible for Editor in 0.59 ms, found 1 plugins.
Preloading 0 native plugins for Editor in 0.00 ms.
Unloading 1791 Unused Serialized files (Serialized files now loaded: 0)
System memory in use before: 85.2 MB.
System memory in use after: 85.2 MB.

Unloading 12 unused Assets to reduce memory usage. Loaded Objects now: 2276.
Total: 3.095700 ms (FindLiveObjects: 0.199300 ms CreateObjectMapping: 0.070600 ms MarkObjects: 2.654500 ms  DeleteObjects: 0.169700 ms)

========================================================================
Received Prepare
Registering precompiled user dll's ...
Registered in 0.001306 seconds.
Begin MonoManager ReloadAssembly
Native extension for WindowsStandalone target not found
Refreshing native plugins compatible for Editor in 0.42 ms, found 1 plugins.
Preloading 0 native plugins for Editor in 0.00 ms.
Invoked RoslynAnalysisRunner static constructor.
RoslynAnalysisRunner will not be running.
RoslynAnalysisRunner has terminated.
Mono: successfully reloaded assembly
- Completed reload, in  0.994 seconds
Platform modules already initialized, skipping
Refreshing native plugins compatible for Editor in 0.61 ms, found 1 plugins.
Preloading 0 native plugins for Editor in 0.00 ms.
Unloading 1791 Unused Serialized files (Serialized files now loaded: 0)
System memory in use before: 85.3 MB.
System memory in use after: 85.3 MB.

Unloading 12 unused Assets to reduce memory usage. Loaded Objects now: 2279.
Total: 2.766000 ms (FindLiveObjects: 0.290700 ms CreateObjectMapping: 0.172500 ms MarkObjects: 2.153900 ms  DeleteObjects: 0.147100 ms)

========================================================================
Received Prepare
Registering precompiled user dll's ...
Registered in 0.000833 seconds.
Begin MonoManager ReloadAssembly
Native extension for WindowsStandalone target not found
Refreshing native plugins compatible for Editor in 0.69 ms, found 1 plugins.
Preloading 0 native plugins for Editor in 0.00 ms.
Invoked RoslynAnalysisRunner static constructor.
RoslynAnalysisRunner will not be running.
RoslynAnalysisRunner has terminated.
Mono: successfully reloaded assembly
- Completed reload, in  1.002 seconds
Platform modules already initialized, skipping
Refreshing native plugins compatible for Editor in 0.38 ms, found 1 plugins.
Preloading 0 native plugins for Editor in 0.00 ms.
Unloading 1791 Unused Serialized files (Serialized files now loaded: 0)
System memory in use before: 85.3 MB.
System memory in use after: 85.3 MB.

Unloading 12 unused Assets to reduce memory usage. Loaded Objects now: 2282.
Total: 3.293900 ms (FindLiveObjects: 0.333200 ms CreateObjectMapping: 0.089100 ms MarkObjects: 2.704300 ms  DeleteObjects: 0.165500 ms)

========================================================================
Received Prepare
Registering precompiled user dll's ...
Registered in 0.001326 seconds.
Begin MonoManager ReloadAssembly
Native extension for WindowsStandalone target not found
Refreshing native plugins compatible for Editor in 0.37 ms, found 1 plugins.
Preloading 0 native plugins for Editor in 0.00 ms.
Invoked RoslynAnalysisRunner static constructor.
RoslynAnalysisRunner will not be running.
RoslynAnalysisRunner has terminated.
Mono: successfully reloaded assembly
- Completed reload, in  0.983 seconds
Platform modules already initialized, skipping
Refreshing native plugins compatible for Editor in 0.37 ms, found 1 plugins.
Preloading 0 native plugins for Editor in 0.00 ms.
Unloading 1791 Unused Serialized files (Serialized files now loaded: 0)
System memory in use before: 85.4 MB.
System memory in use after: 85.4 MB.

Unloading 12 unused Assets to reduce memory usage. Loaded Objects now: 2285.
Total: 2.803100 ms (FindLiveObjects: 0.226200 ms CreateObjectMapping: 0.100000 ms MarkObjects: 2.337500 ms  DeleteObjects: 0.137600 ms)

========================================================================
Received Prepare
Registering precompiled user dll's ...
Registered in 0.000846 seconds.
Begin MonoManager ReloadAssembly
Native extension for WindowsStandalone target not found
Refreshing native plugins compatible for Editor in 0.39 ms, found 1 plugins.
Preloading 0 native plugins for Editor in 0.00 ms.
Invoked RoslynAnalysisRunner static constructor.
RoslynAnalysisRunner will not be running.
RoslynAnalysisRunner has terminated.
Mono: successfully reloaded assembly
- Completed reload, in  0.991 seconds
Platform modules already initialized, skipping
Refreshing native plugins compatible for Editor in 0.67 ms, found 1 plugins.
Preloading 0 native plugins for Editor in 0.00 ms.
Unloading 1791 Unused Serialized files (Serialized files now loaded: 0)
System memory in use before: 85.5 MB.
System memory in use after: 85.5 MB.

Unloading 12 unused Assets to reduce memory usage. Loaded Objects now: 2288.
Total: 2.269800 ms (FindLiveObjects: 0.186600 ms CreateObjectMapping: 0.083500 ms MarkObjects: 1.859400 ms  DeleteObjects: 0.130000 ms)

========================================================================
Received Prepare
Registering precompiled user dll's ...
Registered in 0.001328 seconds.
Begin MonoManager ReloadAssembly
Native extension for WindowsStandalone target not found
Refreshing native plugins compatible for Editor in 0.76 ms, found 1 plugins.
Preloading 0 native plugins for Editor in 0.00 ms.
Invoked RoslynAnalysisRunner static constructor.
RoslynAnalysisRunner will not be running.
RoslynAnalysisRunner has terminated.
Mono: successfully reloaded assembly
- Completed reload, in  1.372 seconds
Platform modules already initialized, skipping
Refreshing native plugins compatible for Editor in 0.44 ms, found 1 plugins.
Preloading 0 native plugins for Editor in 0.00 ms.
Unloading 1791 Unused Serialized files (Serialized files now loaded: 0)
System memory in use before: 85.5 MB.
System memory in use after: 85.5 MB.

Unloading 12 unused Assets to reduce memory usage. Loaded Objects now: 2291.
Total: 3.674000 ms (FindLiveObjects: 0.728700 ms CreateObjectMapping: 0.288900 ms MarkObjects: 2.483500 ms  DeleteObjects: 0.168800 ms)

========================================================================
Received Prepare
Registering precompiled user dll's ...
Registered in 0.001606 seconds.
Begin MonoManager ReloadAssembly
Native extension for WindowsStandalone target not found
Refreshing native plugins compatible for Editor in 0.46 ms, found 1 plugins.
Preloading 0 native plugins for Editor in 0.00 ms.
Invoked RoslynAnalysisRunner static constructor.
RoslynAnalysisRunner will not be running.
RoslynAnalysisRunner has terminated.
Mono: successfully reloaded assembly
- Completed reload, in  1.236 seconds
Platform modules already initialized, skipping
Refreshing native plugins compatible for Editor in 0.65 ms, found 1 plugins.
Preloading 0 native plugins for Editor in 0.00 ms.
Unloading 1791 Unused Serialized files (Serialized files now loaded: 0)
System memory in use before: 85.6 MB.
System memory in use after: 85.6 MB.

Unloading 12 unused Assets to reduce memory usage. Loaded Objects now: 2294.
Total: 3.500400 ms (FindLiveObjects: 0.486300 ms CreateObjectMapping: 0.286300 ms MarkObjects: 2.368800 ms  DeleteObjects: 0.356300 ms)

========================================================================
Received Prepare
Registering precompiled user dll's ...
Registered in 0.001388 seconds.
Begin MonoManager ReloadAssembly
Native extension for WindowsStandalone target not found
Refreshing native plugins compatible for Editor in 1.12 ms, found 1 plugins.
Preloading 0 native plugins for Editor in 0.00 ms.
Invoked RoslynAnalysisRunner static constructor.
RoslynAnalysisRunner will not be running.
RoslynAnalysisRunner has terminated.
Mono: successfully reloaded assembly
- Completed reload, in  1.257 seconds
Platform modules already initialized, skipping
Refreshing native plugins compatible for Editor in 0.77 ms, found 1 plugins.
Preloading 0 native plugins for Editor in 0.00 ms.
Unloading 1791 Unused Serialized files (Serialized files now loaded: 0)
System memory in use before: 85.7 MB.
System memory in use after: 85.7 MB.

Unloading 12 unused Assets to reduce memory usage. Loaded Objects now: 2297.
Total: 4.522200 ms (FindLiveObjects: 0.427800 ms CreateObjectMapping: 0.206700 ms MarkObjects: 3.698500 ms  DeleteObjects: 0.186300 ms)

========================================================================
Received Prepare
Registering precompiled user dll's ...
Registered in 0.001391 seconds.
Begin MonoManager ReloadAssembly
Native extension for WindowsStandalone target not found
Refreshing native plugins compatible for Editor in 0.63 ms, found 1 plugins.
Preloading 0 native plugins for Editor in 0.00 ms.
Invoked RoslynAnalysisRunner static constructor.
RoslynAnalysisRunner will not be running.
RoslynAnalysisRunner has terminated.
Mono: successfully reloaded assembly
- Completed reload, in  1.226 seconds
Platform modules already initialized, skipping
Refreshing native plugins compatible for Editor in 0.72 ms, found 1 plugins.
Preloading 0 native plugins for Editor in 0.00 ms.
Unloading 1791 Unused Serialized files (Serialized files now loaded: 0)
System memory in use before: 85.7 MB.
System memory in use after: 85.7 MB.

Unloading 12 unused Assets to reduce memory usage. Loaded Objects now: 2300.
Total: 2.837800 ms (FindLiveObjects: 0.434700 ms CreateObjectMapping: 0.175600 ms MarkObjects: 2.095900 ms  DeleteObjects: 0.129100 ms)

========================================================================
Received Prepare
Registering precompiled user dll's ...
Registered in 0.002081 seconds.
Begin MonoManager ReloadAssembly
Native extension for WindowsStandalone target not found
Refreshing native plugins compatible for Editor in 0.43 ms, found 1 plugins.
Preloading 0 native plugins for Editor in 0.00 ms.
Invoked RoslynAnalysisRunner static constructor.
RoslynAnalysisRunner will not be running.
RoslynAnalysisRunner has terminated.
Mono: successfully reloaded assembly
- Completed reload, in  1.185 seconds
Platform modules already initialized, skipping
Refreshing native plugins compatible for Editor in 0.45 ms, found 1 plugins.
Preloading 0 native plugins for Editor in 0.00 ms.
Unloading 1791 Unused Serialized files (Serialized files now loaded: 0)
System memory in use before: 85.8 MB.
System memory in use after: 85.8 MB.

Unloading 12 unused Assets to reduce memory usage. Loaded Objects now: 2303.
Total: 3.031800 ms (FindLiveObjects: 0.282200 ms CreateObjectMapping: 0.163300 ms MarkObjects: 2.431200 ms  DeleteObjects: 0.153100 ms)

========================================================================
Received Prepare
Registering precompiled user dll's ...
Registered in 0.001464 seconds.
Begin MonoManager ReloadAssembly
Native extension for WindowsStandalone target not found
Refreshing native plugins compatible for Editor in 0.57 ms, found 1 plugins.
Preloading 0 native plugins for Editor in 0.00 ms.
Invoked RoslynAnalysisRunner static constructor.
RoslynAnalysisRunner will not be running.
RoslynAnalysisRunner has terminated.
Mono: successfully reloaded assembly
- Completed reload, in  1.274 seconds
Platform modules already initialized, skipping
Refreshing native plugins compatible for Editor in 1.17 ms, found 1 plugins.
Preloading 0 native plugins for Editor in 0.00 ms.
Unloading 1791 Unused Serialized files (Serialized files now loaded: 0)
System memory in use before: 85.9 MB.
System memory in use after: 85.9 MB.

Unloading 12 unused Assets to reduce memory usage. Loaded Objects now: 2306.
Total: 2.870000 ms (FindLiveObjects: 0.375400 ms CreateObjectMapping: 0.187700 ms MarkObjects: 2.141200 ms  DeleteObjects: 0.164000 ms)

========================================================================
Received Prepare
Registering precompiled user dll's ...
Registered in 0.001528 seconds.
Begin MonoManager ReloadAssembly
Native extension for WindowsStandalone target not found
Refreshing native plugins compatible for Editor in 0.79 ms, found 1 plugins.
Preloading 0 native plugins for Editor in 0.00 ms.
Invoked RoslynAnalysisRunner static constructor.
RoslynAnalysisRunner will not be running.
RoslynAnalysisRunner has terminated.
Mono: successfully reloaded assembly
- Completed reload, in  1.075 seconds
Platform modules already initialized, skipping
Refreshing native plugins compatible for Editor in 0.38 ms, found 1 plugins.
Preloading 0 native plugins for Editor in 0.00 ms.
Unloading 1791 Unused Serialized files (Serialized files now loaded: 0)
System memory in use before: 85.9 MB.
System memory in use after: 85.9 MB.

Unloading 12 unused Assets to reduce memory usage. Loaded Objects now: 2309.
Total: 2.605200 ms (FindLiveObjects: 0.260200 ms CreateObjectMapping: 0.151100 ms MarkObjects: 2.062900 ms  DeleteObjects: 0.129900 ms)

========================================================================
Received Prepare
Registering precompiled user dll's ...
Registered in 0.001492 seconds.
Begin MonoManager ReloadAssembly
Native extension for WindowsStandalone target not found
Refreshing native plugins compatible for Editor in 0.39 ms, found 1 plugins.
Preloading 0 native plugins for Editor in 0.00 ms.
Invoked RoslynAnalysisRunner static constructor.
RoslynAnalysisRunner will not be running.
RoslynAnalysisRunner has terminated.
Mono: successfully reloaded assembly
- Completed reload, in  1.138 seconds
Platform modules already initialized, skipping
Refreshing native plugins compatible for Editor in 0.39 ms, found 1 plugins.
Preloading 0 native plugins for Editor in 0.00 ms.
Unloading 1791 Unused Serialized files (Serialized files now loaded: 0)
System memory in use before: 86.0 MB.
System memory in use after: 86.0 MB.

Unloading 12 unused Assets to reduce memory usage. Loaded Objects now: 2312.
Total: 3.239400 ms (FindLiveObjects: 0.600100 ms CreateObjectMapping: 0.249100 ms MarkObjects: 2.247300 ms  DeleteObjects: 0.140200 ms)

========================================================================
Received Prepare
Registering precompiled user dll's ...
Registered in 0.000843 seconds.
Begin MonoManager ReloadAssembly
Native extension for WindowsStandalone target not found
Refreshing native plugins compatible for Editor in 0.41 ms, found 1 plugins.
Preloading 0 native plugins for Editor in 0.00 ms.
Invoked RoslynAnalysisRunner static constructor.
RoslynAnalysisRunner will not be running.
RoslynAnalysisRunner has terminated.
Mono: successfully reloaded assembly
- Completed reload, in  4.162 seconds
Platform modules already initialized, skipping
Refreshing native plugins compatible for Editor in 0.70 ms, found 1 plugins.
Preloading 0 native plugins for Editor in 0.00 ms.
Unloading 1791 Unused Serialized files (Serialized files now loaded: 0)
System memory in use before: 86.0 MB.
System memory in use after: 86.0 MB.

Unloading 12 unused Assets to reduce memory usage. Loaded Objects now: 2315.
Total: 4.743800 ms (FindLiveObjects: 0.622000 ms CreateObjectMapping: 0.293000 ms MarkObjects: 3.648400 ms  DeleteObjects: 0.177500 ms)

========================================================================
Received Prepare
Registering precompiled user dll's ...
Registered in 0.001397 seconds.
Begin MonoManager ReloadAssembly
Native extension for WindowsStandalone target not found
Refreshing native plugins compatible for Editor in 0.46 ms, found 1 plugins.
Preloading 0 native plugins for Editor in 0.00 ms.
Invoked RoslynAnalysisRunner static constructor.
RoslynAnalysisRunner will not be running.
RoslynAnalysisRunner has terminated.
Mono: successfully reloaded assembly
- Completed reload, in  1.246 seconds
Platform modules already initialized, skipping
Refreshing native plugins compatible for Editor in 0.84 ms, found 1 plugins.
Preloading 0 native plugins for Editor in 0.00 ms.
Unloading 1791 Unused Serialized files (Serialized files now loaded: 0)
System memory in use before: 86.1 MB.
System memory in use after: 86.1 MB.

Unloading 12 unused Assets to reduce memory usage. Loaded Objects now: 2318.
Total: 4.358600 ms (FindLiveObjects: 0.535800 ms CreateObjectMapping: 0.383400 ms MarkObjects: 3.187200 ms  DeleteObjects: 0.248600 ms)

========================================================================
Received Prepare
Registering precompiled user dll's ...
Registered in 0.001159 seconds.
Begin MonoManager ReloadAssembly
Native extension for WindowsStandalone target not found
Refreshing native plugins compatible for Editor in 0.86 ms, found 1 plugins.
Preloading 0 native plugins for Editor in 0.00 ms.
Invoked RoslynAnalysisRunner static constructor.
RoslynAnalysisRunner will not be running.
RoslynAnalysisRunner has terminated.
Mono: successfully reloaded assembly
- Completed reload, in  1.355 seconds
Platform modules already initialized, skipping
Refreshing native plugins compatible for Editor in 0.69 ms, found 1 plugins.
Preloading 0 native plugins for Editor in 0.00 ms.
Unloading 1791 Unused Serialized files (Serialized files now loaded: 0)
System memory in use before: 86.2 MB.
System memory in use after: 86.2 MB.

Unloading 12 unused Assets to reduce memory usage. Loaded Objects now: 2321.
Total: 4.597800 ms (FindLiveObjects: 0.503100 ms CreateObjectMapping: 0.380400 ms MarkObjects: 3.457300 ms  DeleteObjects: 0.254400 ms)

========================================================================
Received Prepare
Registering precompiled user dll's ...
Registered in 0.000957 seconds.
Begin MonoManager ReloadAssembly
Native extension for WindowsStandalone target not found
Refreshing native plugins compatible for Editor in 0.41 ms, found 1 plugins.
Preloading 0 native plugins for Editor in 0.00 ms.
Invoked RoslynAnalysisRunner static constructor.
RoslynAnalysisRunner will not be running.
RoslynAnalysisRunner has terminated.
Mono: successfully reloaded assembly
- Completed reload, in  1.124 seconds
Platform modules already initialized, skipping
Refreshing native plugins compatible for Editor in 0.43 ms, found 1 plugins.
Preloading 0 native plugins for Editor in 0.00 ms.
Unloading 1791 Unused Serialized files (Serialized files now loaded: 0)
System memory in use before: 86.3 MB.
System memory in use after: 86.3 MB.

Unloading 12 unused Assets to reduce memory usage. Loaded Objects now: 2324.
Total: 3.044800 ms (FindLiveObjects: 0.456100 ms CreateObjectMapping: 0.218400 ms MarkObjects: 2.237100 ms  DeleteObjects: 0.131600 ms)

========================================================================
Received Prepare
Registering precompiled user dll's ...
Registered in 0.000830 seconds.
Begin MonoManager ReloadAssembly
Native extension for WindowsStandalone target not found
Refreshing native plugins compatible for Editor in 0.62 ms, found 1 plugins.
Preloading 0 native plugins for Editor in 0.00 ms.
Invoked RoslynAnalysisRunner static constructor.
RoslynAnalysisRunner will not be running.
RoslynAnalysisRunner has terminated.
Mono: successfully reloaded assembly
- Completed reload, in  1.171 seconds
Platform modules already initialized, skipping
Refreshing native plugins compatible for Editor in 0.71 ms, found 1 plugins.
Preloading 0 native plugins for Editor in 0.00 ms.
Unloading 1791 Unused Serialized files (Serialized files now loaded: 0)
System memory in use before: 86.3 MB.
System memory in use after: 86.3 MB.

Unloading 12 unused Assets to reduce memory usage. Loaded Objects now: 2327.
Total: 2.635600 ms (FindLiveObjects: 0.432800 ms CreateObjectMapping: 0.214600 ms MarkObjects: 1.863100 ms  DeleteObjects: 0.122800 ms)

========================================================================
Received Prepare
Registering precompiled user dll's ...
Registered in 0.001446 seconds.
Begin MonoManager ReloadAssembly
Native extension for WindowsStandalone target not found
Refreshing native plugins compatible for Editor in 0.39 ms, found 1 plugins.
Preloading 0 native plugins for Editor in 0.00 ms.
Invoked RoslynAnalysisRunner static constructor.
RoslynAnalysisRunner will not be running.
RoslynAnalysisRunner has terminated.
Mono: successfully reloaded assembly
- Completed reload, in  1.178 seconds
Platform modules already initialized, skipping
Refreshing native plugins compatible for Editor in 0.69 ms, found 1 plugins.
Preloading 0 native plugins for Editor in 0.00 ms.
Unloading 1791 Unused Serialized files (Serialized files now loaded: 0)
System memory in use before: 86.4 MB.
System memory in use after: 86.4 MB.

Unloading 12 unused Assets to reduce memory usage. Loaded Objects now: 2330.
Total: 3.182200 ms (FindLiveObjects: 0.449300 ms CreateObjectMapping: 0.188200 ms MarkObjects: 2.395800 ms  DeleteObjects: 0.146400 ms)

========================================================================
Received Prepare
Registering precompiled user dll's ...
Registered in 0.000842 seconds.
Begin MonoManager ReloadAssembly
Native extension for WindowsStandalone target not found
Refreshing native plugins compatible for Editor in 0.74 ms, found 1 plugins.
Preloading 0 native plugins for Editor in 0.00 ms.
Invoked RoslynAnalysisRunner static constructor.
RoslynAnalysisRunner will not be running.
RoslynAnalysisRunner has terminated.
Mono: successfully reloaded assembly
- Completed reload, in  1.451 seconds
Platform modules already initialized, skipping
Refreshing native plugins compatible for Editor in 0.72 ms, found 1 plugins.
Preloading 0 native plugins for Editor in 0.00 ms.
Unloading 1791 Unused Serialized files (Serialized files now loaded: 0)
System memory in use before: 86.4 MB.
System memory in use after: 86.4 MB.

Unloading 12 unused Assets to reduce memory usage. Loaded Objects now: 2333.
Total: 4.106600 ms (FindLiveObjects: 0.482600 ms CreateObjectMapping: 0.237100 ms MarkObjects: 3.177000 ms  DeleteObjects: 0.206800 ms)

========================================================================
Received Prepare
Registering precompiled user dll's ...
Registered in 0.001402 seconds.
Begin MonoManager ReloadAssembly
Native extension for WindowsStandalone target not found
Refreshing native plugins compatible for Editor in 0.40 ms, found 1 plugins.
Preloading 0 native plugins for Editor in 0.00 ms.
Invoked RoslynAnalysisRunner static constructor.
RoslynAnalysisRunner will not be running.
RoslynAnalysisRunner has terminated.
Mono: successfully reloaded assembly
- Completed reload, in  1.037 seconds
Platform modules already initialized, skipping
Refreshing native plugins compatible for Editor in 0.42 ms, found 1 plugins.
Preloading 0 native plugins for Editor in 0.00 ms.
Unloading 1791 Unused Serialized files (Serialized files now loaded: 0)
System memory in use before: 86.5 MB.
System memory in use after: 86.5 MB.

Unloading 12 unused Assets to reduce memory usage. Loaded Objects now: 2336.
Total: 3.386500 ms (FindLiveObjects: 0.332700 ms CreateObjectMapping: 0.174400 ms MarkObjects: 2.695900 ms  DeleteObjects: 0.181600 ms)

========================================================================
Received Prepare
Registering precompiled user dll's ...
Registered in 0.000845 seconds.
Begin MonoManager ReloadAssembly
Native extension for WindowsStandalone target not found
Refreshing native plugins compatible for Editor in 0.71 ms, found 1 plugins.
Preloading 0 native plugins for Editor in 0.00 ms.
Invoked RoslynAnalysisRunner static constructor.
RoslynAnalysisRunner will not be running.
RoslynAnalysisRunner has terminated.
Mono: successfully reloaded assembly
- Completed reload, in  1.228 seconds
Platform modules already initialized, skipping
Refreshing native plugins compatible for Editor in 0.41 ms, found 1 plugins.
Preloading 0 native plugins for Editor in 0.00 ms.
Unloading 1791 Unused Serialized files (Serialized files now loaded: 0)
System memory in use before: 86.6 MB.
System memory in use after: 86.6 MB.

Unloading 12 unused Assets to reduce memory usage. Loaded Objects now: 2339.
Total: 2.567400 ms (FindLiveObjects: 0.312200 ms CreateObjectMapping: 0.169100 ms MarkObjects: 1.955000 ms  DeleteObjects: 0.129200 ms)

========================================================================
Received Prepare
Registering precompiled user dll's ...
Registered in 0.000801 seconds.
Begin MonoManager ReloadAssembly
Native extension for WindowsStandalone target not found
Refreshing native plugins compatible for Editor in 0.39 ms, found 1 plugins.
Preloading 0 native plugins for Editor in 0.00 ms.
Invoked RoslynAnalysisRunner static constructor.
RoslynAnalysisRunner will not be running.
RoslynAnalysisRunner has terminated.
Mono: successfully reloaded assembly
- Completed reload, in  1.254 seconds
Platform modules already initialized, skipping
Refreshing native plugins compatible for Editor in 0.38 ms, found 1 plugins.
Preloading 0 native plugins for Editor in 0.00 ms.
Unloading 1791 Unused Serialized files (Serialized files now loaded: 0)
System memory in use before: 86.6 MB.
System memory in use after: 86.6 MB.

Unloading 12 unused Assets to reduce memory usage. Loaded Objects now: 2342.
Total: 3.103700 ms (FindLiveObjects: 0.546500 ms CreateObjectMapping: 0.277900 ms MarkObjects: 2.143800 ms  DeleteObjects: 0.133600 ms)

========================================================================
Received Prepare
Registering precompiled user dll's ...
Registered in 0.001153 seconds.
Begin MonoManager ReloadAssembly
Native extension for WindowsStandalone target not found
Refreshing native plugins compatible for Editor in 0.70 ms, found 1 plugins.
Preloading 0 native plugins for Editor in 0.00 ms.
Invoked RoslynAnalysisRunner static constructor.
RoslynAnalysisRunner will not be running.
RoslynAnalysisRunner has terminated.
Mono: successfully reloaded assembly
- Completed reload, in  1.158 seconds
Platform modules already initialized, skipping
Refreshing native plugins compatible for Editor in 0.75 ms, found 1 plugins.
Preloading 0 native plugins for Editor in 0.00 ms.
Unloading 1791 Unused Serialized files (Serialized files now loaded: 0)
System memory in use before: 85.7 MB.
System memory in use after: 85.7 MB.

Unloading 12 unused Assets to reduce memory usage. Loaded Objects now: 2345.
Total: 3.215900 ms (FindLiveObjects: 0.551800 ms CreateObjectMapping: 0.208000 ms MarkObjects: 2.311600 ms  DeleteObjects: 0.142500 ms)

========================================================================
Received Prepare
Registering precompiled user dll's ...
Registered in 0.001318 seconds.
Begin MonoManager ReloadAssembly
Native extension for WindowsStandalone target not found
Refreshing native plugins compatible for Editor in 0.40 ms, found 1 plugins.
Preloading 0 native plugins for Editor in 0.00 ms.
Invoked RoslynAnalysisRunner static constructor.
RoslynAnalysisRunner will not be running.
RoslynAnalysisRunner has terminated.
Mono: successfully reloaded assembly
- Completed reload, in  1.193 seconds
Platform modules already initialized, skipping
Refreshing native plugins compatible for Editor in 0.72 ms, found 1 plugins.
Preloading 0 native plugins for Editor in 0.00 ms.
Unloading 1791 Unused Serialized files (Serialized files now loaded: 0)
System memory in use before: 85.8 MB.
System memory in use after: 85.8 MB.

Unloading 12 unused Assets to reduce memory usage. Loaded Objects now: 2348.
Total: 3.078900 ms (FindLiveObjects: 0.523100 ms CreateObjectMapping: 0.256600 ms MarkObjects: 2.159200 ms  DeleteObjects: 0.137600 ms)

========================================================================
Received Prepare
Registering precompiled user dll's ...
Registered in 0.000819 seconds.
Begin MonoManager ReloadAssembly
Native extension for WindowsStandalone target not found
Refreshing native plugins compatible for Editor in 0.40 ms, found 1 plugins.
Preloading 0 native plugins for Editor in 0.00 ms.
Invoked RoslynAnalysisRunner static constructor.
RoslynAnalysisRunner will not be running.
RoslynAnalysisRunner has terminated.
Mono: successfully reloaded assembly
- Completed reload, in  1.180 seconds
Platform modules already initialized, skipping
Refreshing native plugins compatible for Editor in 0.42 ms, found 1 plugins.
Preloading 0 native plugins for Editor in 0.00 ms.
Unloading 1791 Unused Serialized files (Serialized files now loaded: 0)
System memory in use before: 85.8 MB.
System memory in use after: 85.8 MB.

Unloading 12 unused Assets to reduce memory usage. Loaded Objects now: 2351.
Total: 2.797500 ms (FindLiveObjects: 0.301600 ms CreateObjectMapping: 0.181400 ms MarkObjects: 2.173600 ms  DeleteObjects: 0.138100 ms)

========================================================================
Received Prepare
Registering precompiled user dll's ...
Registered in 0.000790 seconds.
Begin MonoManager ReloadAssembly
Native extension for WindowsStandalone target not found
Refreshing native plugins compatible for Editor in 0.43 ms, found 1 plugins.
Preloading 0 native plugins for Editor in 0.00 ms.
Invoked RoslynAnalysisRunner static constructor.
RoslynAnalysisRunner will not be running.
RoslynAnalysisRunner has terminated.
Mono: successfully reloaded assembly
- Completed reload, in  1.096 seconds
Platform modules already initialized, skipping
Refreshing native plugins compatible for Editor in 0.39 ms, found 1 plugins.
Preloading 0 native plugins for Editor in 0.00 ms.
Unloading 1791 Unused Serialized files (Serialized files now loaded: 0)
System memory in use before: 85.9 MB.
System memory in use after: 85.9 MB.

Unloading 12 unused Assets to reduce memory usage. Loaded Objects now: 2354.
Total: 4.303800 ms (FindLiveObjects: 0.332300 ms CreateObjectMapping: 0.191600 ms MarkObjects: 3.583300 ms  DeleteObjects: 0.194100 ms)

========================================================================
Received Import Request.
  Time since last request: 5377.202532 seconds.
  path: Assets/Prefabs/Resource UI.prefab
  artifactKey: Guid(94a511893f9f4704da1626e703bb0b30) Importer(815301076,1909f56bfc062723c751e8b465ee728b)
Start importing Assets/Prefabs/Resource UI.prefab using Guid(94a511893f9f4704da1626e703bb0b30) Importer(815301076,1909f56bfc062723c751e8b465ee728b)  -> (artifact id: 'f7b58971a08a95c591fd9cea0bc8ef5c') in 0.055228 seconds
  Import took 0.059666 seconds .

========================================================================
Received Import Request.
  Time since last request: 7.366450 seconds.
  path: Assets/Prefabs/Resource UI.prefab
  artifactKey: Guid(94a511893f9f4704da1626e703bb0b30) Importer(815301076,1909f56bfc062723c751e8b465ee728b)
Start importing Assets/Prefabs/Resource UI.prefab using Guid(94a511893f9f4704da1626e703bb0b30) Importer(815301076,1909f56bfc062723c751e8b465ee728b)  -> (artifact id: '5a74b830ba6f2835c2948d70b5bbdb01') in 0.017139 seconds
  Import took 0.023507 seconds .

========================================================================
Received Import Request.
  Time since last request: 10.609235 seconds.
  path: Assets/Prefabs/Resource UI.prefab
  artifactKey: Guid(94a511893f9f4704da1626e703bb0b30) Importer(815301076,1909f56bfc062723c751e8b465ee728b)
Start importing Assets/Prefabs/Resource UI.prefab using Guid(94a511893f9f4704da1626e703bb0b30) Importer(815301076,1909f56bfc062723c751e8b465ee728b)  -> (artifact id: 'ade3e3c33a31b2e58792d34566e31e9d') in 0.005975 seconds
  Import took 0.011643 seconds .

========================================================================
Received Import Request.
  Time since last request: 41.685745 seconds.
  path: Assets/Prefabs/Resource UI.prefab
  artifactKey: Guid(94a511893f9f4704da1626e703bb0b30) Importer(815301076,1909f56bfc062723c751e8b465ee728b)
Start importing Assets/Prefabs/Resource UI.prefab using Guid(94a511893f9f4704da1626e703bb0b30) Importer(815301076,1909f56bfc062723c751e8b465ee728b)  -> (artifact id: 'c73f723f5fcf8a60f28c1df98f6ac89f') in 0.006418 seconds
  Import took 0.011663 seconds .

========================================================================
Received Prepare
Registering precompiled user dll's ...
Registered in 0.001473 seconds.
Begin MonoManager ReloadAssembly
Native extension for WindowsStandalone target not found
Refreshing native plugins compatible for Editor in 0.79 ms, found 1 plugins.
Preloading 0 native plugins for Editor in 0.00 ms.
Invoked RoslynAnalysisRunner static constructor.
RoslynAnalysisRunner will not be running.
RoslynAnalysisRunner has terminated.
Mono: successfully reloaded assembly
- Completed reload, in  1.249 seconds
Platform modules already initialized, skipping
Refreshing native plugins compatible for Editor in 0.53 ms, found 1 plugins.
Preloading 0 native plugins for Editor in 0.00 ms.
Unloading 1791 Unused Serialized files (Serialized files now loaded: 0)
System memory in use before: 86.0 MB.
System memory in use after: 86.0 MB.

Unloading 13 unused Assets to reduce memory usage. Loaded Objects now: 2357.
Total: 4.559600 ms (FindLiveObjects: 0.517500 ms CreateObjectMapping: 0.221200 ms MarkObjects: 3.550400 ms  DeleteObjects: 0.267600 ms)

========================================================================
Received Prepare
Registering precompiled user dll's ...
Registered in 0.001470 seconds.
Begin MonoManager ReloadAssembly
Native extension for WindowsStandalone target not found
Refreshing native plugins compatible for Editor in 0.74 ms, found 1 plugins.
Preloading 0 native plugins for Editor in 0.00 ms.
Invoked RoslynAnalysisRunner static constructor.
RoslynAnalysisRunner will not be running.
RoslynAnalysisRunner has terminated.
Mono: successfully reloaded assembly
- Completed reload, in  1.203 seconds
Platform modules already initialized, skipping
Refreshing native plugins compatible for Editor in 0.80 ms, found 1 plugins.
Preloading 0 native plugins for Editor in 0.00 ms.
Unloading 1791 Unused Serialized files (Serialized files now loaded: 0)
System memory in use before: 86.0 MB.
System memory in use after: 86.0 MB.

Unloading 12 unused Assets to reduce memory usage. Loaded Objects now: 2360.
Total: 3.632000 ms (FindLiveObjects: 0.364800 ms CreateObjectMapping: 0.091100 ms MarkObjects: 3.012800 ms  DeleteObjects: 0.161100 ms)

========================================================================
Received Prepare
Registering precompiled user dll's ...
Registered in 0.001394 seconds.
Begin MonoManager ReloadAssembly
Native extension for WindowsStandalone target not found
Refreshing native plugins compatible for Editor in 0.43 ms, found 1 plugins.
Preloading 0 native plugins for Editor in 0.00 ms.
Invoked RoslynAnalysisRunner static constructor.
RoslynAnalysisRunner will not be running.
RoslynAnalysisRunner has terminated.
Mono: successfully reloaded assembly
- Completed reload, in  1.214 seconds
Platform modules already initialized, skipping
Refreshing native plugins compatible for Editor in 0.91 ms, found 1 plugins.
Preloading 0 native plugins for Editor in 0.00 ms.
Unloading 1791 Unused Serialized files (Serialized files now loaded: 0)
System memory in use before: 86.1 MB.
System memory in use after: 86.1 MB.

Unloading 12 unused Assets to reduce memory usage. Loaded Objects now: 2363.
Total: 3.074800 ms (FindLiveObjects: 0.345800 ms CreateObjectMapping: 0.192400 ms MarkObjects: 2.394100 ms  DeleteObjects: 0.140100 ms)

========================================================================
Received Prepare
Registering precompiled user dll's ...
Registered in 0.000907 seconds.
Begin MonoManager ReloadAssembly
Native extension for WindowsStandalone target not found
Refreshing native plugins compatible for Editor in 0.73 ms, found 1 plugins.
Preloading 0 native plugins for Editor in 0.00 ms.
Invoked RoslynAnalysisRunner static constructor.
RoslynAnalysisRunner will not be running.
RoslynAnalysisRunner has terminated.
Mono: successfully reloaded assembly
- Completed reload, in  1.144 seconds
Platform modules already initialized, skipping
Refreshing native plugins compatible for Editor in 0.51 ms, found 1 plugins.
Preloading 0 native plugins for Editor in 0.00 ms.
Unloading 1791 Unused Serialized files (Serialized files now loaded: 0)
System memory in use before: 86.2 MB.
System memory in use after: 86.2 MB.

Unloading 12 unused Assets to reduce memory usage. Loaded Objects now: 2366.
Total: 3.350500 ms (FindLiveObjects: 0.394400 ms CreateObjectMapping: 0.237300 ms MarkObjects: 2.541100 ms  DeleteObjects: 0.175900 ms)

========================================================================
Received Prepare
Registering precompiled user dll's ...
Registered in 0.000938 seconds.
Begin MonoManager ReloadAssembly
Native extension for WindowsStandalone target not found
Refreshing native plugins compatible for Editor in 0.38 ms, found 1 plugins.
Preloading 0 native plugins for Editor in 0.00 ms.
Invoked RoslynAnalysisRunner static constructor.
RoslynAnalysisRunner will not be running.
RoslynAnalysisRunner has terminated.
Mono: successfully reloaded assembly
- Completed reload, in  1.154 seconds
Platform modules already initialized, skipping
Refreshing native plugins compatible for Editor in 0.39 ms, found 1 plugins.
Preloading 0 native plugins for Editor in 0.00 ms.
Unloading 1791 Unused Serialized files (Serialized files now loaded: 0)
System memory in use before: 86.2 MB.
System memory in use after: 86.2 MB.

Unloading 12 unused Assets to reduce memory usage. Loaded Objects now: 2369.
Total: 3.397900 ms (FindLiveObjects: 0.446300 ms CreateObjectMapping: 0.204200 ms MarkObjects: 2.604500 ms  DeleteObjects: 0.141000 ms)

========================================================================
Received Prepare
Registering precompiled user dll's ...
Registered in 0.000832 seconds.
Begin MonoManager ReloadAssembly
Native extension for WindowsStandalone target not found
Refreshing native plugins compatible for Editor in 0.42 ms, found 1 plugins.
Preloading 0 native plugins for Editor in 0.00 ms.
Invoked RoslynAnalysisRunner static constructor.
RoslynAnalysisRunner will not be running.
RoslynAnalysisRunner has terminated.
Mono: successfully reloaded assembly
- Completed reload, in  1.202 seconds
Platform modules already initialized, skipping
Refreshing native plugins compatible for Editor in 0.45 ms, found 1 plugins.
Preloading 0 native plugins for Editor in 0.00 ms.
Unloading 1791 Unused Serialized files (Serialized files now loaded: 0)
System memory in use before: 86.3 MB.
System memory in use after: 86.3 MB.

Unloading 12 unused Assets to reduce memory usage. Loaded Objects now: 2372.
Total: 2.887700 ms (FindLiveObjects: 0.425000 ms CreateObjectMapping: 0.184300 ms MarkObjects: 2.123900 ms  DeleteObjects: 0.152100 ms)

========================================================================
Received Import Request.
  Time since last request: 406.527907 seconds.
  path: Assets/Prefabs/Resource UI.prefab
  artifactKey: Guid(94a511893f9f4704da1626e703bb0b30) Importer(815301076,1909f56bfc062723c751e8b465ee728b)
Start importing Assets/Prefabs/Resource UI.prefab using Guid(94a511893f9f4704da1626e703bb0b30) Importer(815301076,1909f56bfc062723c751e8b465ee728b)  -> (artifact id: 'b9478840c1e97414474774b51cb6450e') in 0.060258 seconds
  Import took 0.066299 seconds .

========================================================================
Received Import Request.
  Time since last request: 8.434674 seconds.
  path: Assets/Prefabs/Resource UI.prefab
  artifactKey: Guid(94a511893f9f4704da1626e703bb0b30) Importer(815301076,1909f56bfc062723c751e8b465ee728b)
Start importing Assets/Prefabs/Resource UI.prefab using Guid(94a511893f9f4704da1626e703bb0b30) Importer(815301076,1909f56bfc062723c751e8b465ee728b)  -> (artifact id: 'ba111e2f24e0b2b56211417a5574d5c0') in 0.006633 seconds
  Import took 0.013848 seconds .

========================================================================
Received Import Request.
  Time since last request: 7.742263 seconds.
  path: Assets/Prefabs/Resource UI.prefab
  artifactKey: Guid(94a511893f9f4704da1626e703bb0b30) Importer(815301076,1909f56bfc062723c751e8b465ee728b)
Start importing Assets/Prefabs/Resource UI.prefab using Guid(94a511893f9f4704da1626e703bb0b30) Importer(815301076,1909f56bfc062723c751e8b465ee728b)  -> (artifact id: '0e90bec566bb4bdd2998e23baef74b1d') in 0.006034 seconds
  Import took 0.010926 seconds .

========================================================================
Received Import Request.
  Time since last request: 2.031857 seconds.
  path: Assets/Prefabs/Resource UI.prefab
  artifactKey: Guid(94a511893f9f4704da1626e703bb0b30) Importer(815301076,1909f56bfc062723c751e8b465ee728b)
Start importing Assets/Prefabs/Resource UI.prefab using Guid(94a511893f9f4704da1626e703bb0b30) Importer(815301076,1909f56bfc062723c751e8b465ee728b)  -> (artifact id: 'd88759d3de2ccd4a753be4d1a471fe68') in 0.006700 seconds
  Import took 0.012970 seconds .

========================================================================
Received Import Request.
  Time since last request: 2.420033 seconds.
  path: Assets/Prefabs/Resource UI.prefab
  artifactKey: Guid(94a511893f9f4704da1626e703bb0b30) Importer(815301076,1909f56bfc062723c751e8b465ee728b)
Start importing Assets/Prefabs/Resource UI.prefab using Guid(94a511893f9f4704da1626e703bb0b30) Importer(815301076,1909f56bfc062723c751e8b465ee728b)  -> (artifact id: 'a5b6e73b6a4fe2a5a73d26a2722d1517') in 0.006057 seconds
  Import took 0.011439 seconds .

========================================================================
Received Import Request.
  Time since last request: 11.911127 seconds.
  path: Assets/Prefabs/Resource UI.prefab
  artifactKey: Guid(94a511893f9f4704da1626e703bb0b30) Importer(815301076,1909f56bfc062723c751e8b465ee728b)
Start importing Assets/Prefabs/Resource UI.prefab using Guid(94a511893f9f4704da1626e703bb0b30) Importer(815301076,1909f56bfc062723c751e8b465ee728b)  -> (artifact id: '6e942d662215a0dd730893ca03a3524d') in 0.005719 seconds
  Import took 0.010517 seconds .

========================================================================
Received Import Request.
  Time since last request: 4.444271 seconds.
  path: Assets/Prefabs/Resource UI.prefab
  artifactKey: Guid(94a511893f9f4704da1626e703bb0b30) Importer(815301076,1909f56bfc062723c751e8b465ee728b)
Start importing Assets/Prefabs/Resource UI.prefab using Guid(94a511893f9f4704da1626e703bb0b30) Importer(815301076,1909f56bfc062723c751e8b465ee728b)  -> (artifact id: 'ea559ec7480d6e8d436e53e46a6d288e') in 0.006838 seconds
  Import took 0.013536 seconds .

========================================================================
Received Import Request.
  Time since last request: 11.407158 seconds.
  path: Assets/Prefabs/Resource UI.prefab
  artifactKey: Guid(94a511893f9f4704da1626e703bb0b30) Importer(815301076,1909f56bfc062723c751e8b465ee728b)
Start importing Assets/Prefabs/Resource UI.prefab using Guid(94a511893f9f4704da1626e703bb0b30) Importer(815301076,1909f56bfc062723c751e8b465ee728b)  -> (artifact id: 'b73c00396b13bd4f7540350659557594') in 0.007967 seconds
  Import took 0.013473 seconds .

========================================================================
Received Import Request.
  Time since last request: 2.638418 seconds.
  path: Assets/Prefabs/Resource UI.prefab
  artifactKey: Guid(94a511893f9f4704da1626e703bb0b30) Importer(815301076,1909f56bfc062723c751e8b465ee728b)
Start importing Assets/Prefabs/Resource UI.prefab using Guid(94a511893f9f4704da1626e703bb0b30) Importer(815301076,1909f56bfc062723c751e8b465ee728b)  -> (artifact id: 'ed38dd986f85a5e997adb0dfdb854819') in 0.006501 seconds
  Import took 0.012657 seconds .

========================================================================
Received Import Request.
  Time since last request: 2.842749 seconds.
  path: Assets/Prefabs/Resource UI.prefab
  artifactKey: Guid(94a511893f9f4704da1626e703bb0b30) Importer(815301076,1909f56bfc062723c751e8b465ee728b)
Start importing Assets/Prefabs/Resource UI.prefab using Guid(94a511893f9f4704da1626e703bb0b30) Importer(815301076,1909f56bfc062723c751e8b465ee728b)  -> (artifact id: '0e84350fd4c10d6079a4a2af7cf4af62') in 0.007271 seconds
  Import took 0.012512 seconds .

========================================================================
Received Import Request.
  Time since last request: 4.842018 seconds.
  path: Assets/Prefabs/Resource UI.prefab
  artifactKey: Guid(94a511893f9f4704da1626e703bb0b30) Importer(815301076,1909f56bfc062723c751e8b465ee728b)
Start importing Assets/Prefabs/Resource UI.prefab using Guid(94a511893f9f4704da1626e703bb0b30) Importer(815301076,1909f56bfc062723c751e8b465ee728b)  -> (artifact id: 'ed001db91a1acd021174a602a8ddeb97') in 0.006231 seconds
  Import took 0.012515 seconds .

========================================================================
Received Import Request.
  Time since last request: 8.359496 seconds.
  path: Assets/Prefabs/Resource UI.prefab
  artifactKey: Guid(94a511893f9f4704da1626e703bb0b30) Importer(815301076,1909f56bfc062723c751e8b465ee728b)
Start importing Assets/Prefabs/Resource UI.prefab using Guid(94a511893f9f4704da1626e703bb0b30) Importer(815301076,1909f56bfc062723c751e8b465ee728b)  -> (artifact id: '0e744e0687496a207a4e7de8a3b6f921') in 0.007102 seconds
  Import took 0.012315 seconds .

========================================================================
Received Import Request.
  Time since last request: 12.829465 seconds.
  path: Assets/Prefabs/Resource UI.prefab
  artifactKey: Guid(94a511893f9f4704da1626e703bb0b30) Importer(815301076,1909f56bfc062723c751e8b465ee728b)
Start importing Assets/Prefabs/Resource UI.prefab using Guid(94a511893f9f4704da1626e703bb0b30) Importer(815301076,1909f56bfc062723c751e8b465ee728b)  -> (artifact id: '14689280808461c3588a43158d948188') in 0.008514 seconds
  Import took 0.014224 seconds .

========================================================================
Received Import Request.
  Time since last request: 1.420481 seconds.
  path: Assets/Prefabs/Resource UI.prefab
  artifactKey: Guid(94a511893f9f4704da1626e703bb0b30) Importer(815301076,1909f56bfc062723c751e8b465ee728b)
Start importing Assets/Prefabs/Resource UI.prefab using Guid(94a511893f9f4704da1626e703bb0b30) Importer(815301076,1909f56bfc062723c751e8b465ee728b)  -> (artifact id: 'b419ff8d1e0586c2b018386a14301498') in 0.008312 seconds
  Import took 0.013818 seconds .

========================================================================
Received Prepare
Registering precompiled user dll's ...
Registered in 0.001446 seconds.
Begin MonoManager ReloadAssembly
Native extension for WindowsStandalone target not found
Refreshing native plugins compatible for Editor in 0.81 ms, found 1 plugins.
Preloading 0 native plugins for Editor in 0.00 ms.
Invoked RoslynAnalysisRunner static constructor.
RoslynAnalysisRunner will not be running.
RoslynAnalysisRunner has terminated.
Mono: successfully reloaded assembly
- Completed reload, in  1.232 seconds
Platform modules already initialized, skipping
Refreshing native plugins compatible for Editor in 0.70 ms, found 1 plugins.
Preloading 0 native plugins for Editor in 0.00 ms.
Unloading 1791 Unused Serialized files (Serialized files now loaded: 0)
System memory in use before: 86.4 MB.
System memory in use after: 86.4 MB.

Unloading 13 unused Assets to reduce memory usage. Loaded Objects now: 2375.
Total: 3.202000 ms (FindLiveObjects: 0.555300 ms CreateObjectMapping: 0.246100 ms MarkObjects: 2.269500 ms  DeleteObjects: 0.129300 ms)

========================================================================
Received Prepare
Registering precompiled user dll's ...
Registered in 0.000838 seconds.
Begin MonoManager ReloadAssembly
Native extension for WindowsStandalone target not found
Refreshing native plugins compatible for Editor in 0.52 ms, found 1 plugins.
Preloading 0 native plugins for Editor in 0.00 ms.
Invoked RoslynAnalysisRunner static constructor.
RoslynAnalysisRunner will not be running.
RoslynAnalysisRunner has terminated.
Mono: successfully reloaded assembly
- Completed reload, in  1.257 seconds
Platform modules already initialized, skipping
Refreshing native plugins compatible for Editor in 0.43 ms, found 1 plugins.
Preloading 0 native plugins for Editor in 0.00 ms.
Unloading 1791 Unused Serialized files (Serialized files now loaded: 0)
System memory in use before: 86.4 MB.
System memory in use after: 86.4 MB.

Unloading 12 unused Assets to reduce memory usage. Loaded Objects now: 2378.
Total: 3.080300 ms (FindLiveObjects: 0.293100 ms CreateObjectMapping: 0.185000 ms MarkObjects: 2.385000 ms  DeleteObjects: 0.215300 ms)

========================================================================
Received Prepare
Registering precompiled user dll's ...
Registered in 0.001319 seconds.
Begin MonoManager ReloadAssembly
Native extension for WindowsStandalone target not found
Refreshing native plugins compatible for Editor in 0.48 ms, found 1 plugins.
Preloading 0 native plugins for Editor in 0.00 ms.
Invoked RoslynAnalysisRunner static constructor.
RoslynAnalysisRunner will not be running.
RoslynAnalysisRunner has terminated.
Mono: successfully reloaded assembly
- Completed reload, in  1.204 seconds
Platform modules already initialized, skipping
Refreshing native plugins compatible for Editor in 0.87 ms, found 1 plugins.
Preloading 0 native plugins for Editor in 0.00 ms.
Unloading 1791 Unused Serialized files (Serialized files now loaded: 0)
System memory in use before: 86.5 MB.
System memory in use after: 86.5 MB.

Unloading 12 unused Assets to reduce memory usage. Loaded Objects now: 2381.
Total: 2.932800 ms (FindLiveObjects: 0.414000 ms CreateObjectMapping: 0.143300 ms MarkObjects: 2.230500 ms  DeleteObjects: 0.143100 ms)

========================================================================
Received Prepare
Registering precompiled user dll's ...
Registered in 0.000838 seconds.
Begin MonoManager ReloadAssembly
Native extension for WindowsStandalone target not found
Refreshing native plugins compatible for Editor in 0.92 ms, found 1 plugins.
Preloading 0 native plugins for Editor in 0.00 ms.
Invoked RoslynAnalysisRunner static constructor.
RoslynAnalysisRunner will not be running.
RoslynAnalysisRunner has terminated.
Mono: successfully reloaded assembly
- Completed reload, in  1.289 seconds
Platform modules already initialized, skipping
Refreshing native plugins compatible for Editor in 0.42 ms, found 1 plugins.
Preloading 0 native plugins for Editor in 0.00 ms.
Unloading 1791 Unused Serialized files (Serialized files now loaded: 0)
System memory in use before: 86.6 MB.
System memory in use after: 86.6 MB.

Unloading 12 unused Assets to reduce memory usage. Loaded Objects now: 2384.
Total: 5.043400 ms (FindLiveObjects: 0.481800 ms CreateObjectMapping: 0.228900 ms MarkObjects: 4.051400 ms  DeleteObjects: 0.278800 ms)

========================================================================
Received Import Request.
  Time since last request: 1440.471691 seconds.
  path: Assets/Scripts/AchievementController.cs
  artifactKey: Guid(71fee8d21f9a8444fa08f4826a549df2) Importer(815301076,1909f56bfc062723c751e8b465ee728b)
Start importing Assets/Scripts/AchievementController.cs using Guid(71fee8d21f9a8444fa08f4826a549df2) Importer(815301076,1909f56bfc062723c751e8b465ee728b)  -> (artifact id: '712eab2d88c59cc254205b0f3b5a958c') in 0.025406 seconds
  Import took 0.031880 seconds .

========================================================================
Received Prepare
Registering precompiled user dll's ...
Registered in 0.001735 seconds.
Begin MonoManager ReloadAssembly
Native extension for WindowsStandalone target not found
Refreshing native plugins compatible for Editor in 0.48 ms, found 1 plugins.
Preloading 0 native plugins for Editor in 0.00 ms.
Invoked RoslynAnalysisRunner static constructor.
RoslynAnalysisRunner will not be running.
RoslynAnalysisRunner has terminated.
Mono: successfully reloaded assembly
- Completed reload, in  1.427 seconds
Platform modules already initialized, skipping
Refreshing native plugins compatible for Editor in 0.40 ms, found 1 plugins.
Preloading 0 native plugins for Editor in 0.00 ms.
Unloading 1792 Unused Serialized files (Serialized files now loaded: 0)
System memory in use before: 86.6 MB.
System memory in use after: 86.7 MB.

Unloading 12 unused Assets to reduce memory usage. Loaded Objects now: 2388.
Total: 2.851800 ms (FindLiveObjects: 0.381100 ms CreateObjectMapping: 0.163300 ms MarkObjects: 2.167600 ms  DeleteObjects: 0.137600 ms)

========================================================================
Received Prepare
Registering precompiled user dll's ...
Registered in 0.001384 seconds.
Begin MonoManager ReloadAssembly
Native extension for WindowsStandalone target not found
Refreshing native plugins compatible for Editor in 1.06 ms, found 1 plugins.
Preloading 0 native plugins for Editor in 0.00 ms.
Invoked RoslynAnalysisRunner static constructor.
RoslynAnalysisRunner will not be running.
RoslynAnalysisRunner has terminated.
Mono: successfully reloaded assembly
- Completed reload, in  1.260 seconds
Platform modules already initialized, skipping
Refreshing native plugins compatible for Editor in 0.86 ms, found 1 plugins.
Preloading 0 native plugins for Editor in 0.00 ms.
Unloading 1792 Unused Serialized files (Serialized files now loaded: 0)
System memory in use before: 86.7 MB.
System memory in use after: 86.7 MB.

Unloading 12 unused Assets to reduce memory usage. Loaded Objects now: 2391.
Total: 4.209700 ms (FindLiveObjects: 0.452600 ms CreateObjectMapping: 0.225600 ms MarkObjects: 3.353400 ms  DeleteObjects: 0.176100 ms)

========================================================================
Received Import Request.
  Time since last request: 922.912352 seconds.
  path: Assets/Scripts/AchievementController.cs
  artifactKey: Guid(71fee8d21f9a8444fa08f4826a549df2) Importer(815301076,1909f56bfc062723c751e8b465ee728b)
Start importing Assets/Scripts/AchievementController.cs using Guid(71fee8d21f9a8444fa08f4826a549df2) Importer(815301076,1909f56bfc062723c751e8b465ee728b)  -> (artifact id: 'cfce97eb01dd6dfd3f8084664f0069fd') in 0.006596 seconds
  Import took 0.011586 seconds .

========================================================================
Received Prepare
Registering precompiled user dll's ...
Registered in 0.001663 seconds.
Begin MonoManager ReloadAssembly
Native extension for WindowsStandalone target not found
Refreshing native plugins compatible for Editor in 0.49 ms, found 1 plugins.
Preloading 0 native plugins for Editor in 0.00 ms.
Invoked RoslynAnalysisRunner static constructor.
RoslynAnalysisRunner will not be running.
RoslynAnalysisRunner has terminated.
Mono: successfully reloaded assembly
- Completed reload, in  1.233 seconds
Platform modules already initialized, skipping
Refreshing native plugins compatible for Editor in 0.40 ms, found 1 plugins.
Preloading 0 native plugins for Editor in 0.00 ms.
Unloading 1792 Unused Serialized files (Serialized files now loaded: 0)
System memory in use before: 86.7 MB.
System memory in use after: 86.7 MB.

Unloading 12 unused Assets to reduce memory usage. Loaded Objects now: 2394.
Total: 3.445800 ms (FindLiveObjects: 0.509200 ms CreateObjectMapping: 0.230100 ms MarkObjects: 2.560100 ms  DeleteObjects: 0.143300 ms)

========================================================================
Received Prepare
Registering precompiled user dll's ...
Registered in 0.001095 seconds.
Begin MonoManager ReloadAssembly
Native extension for WindowsStandalone target not found
Refreshing native plugins compatible for Editor in 0.77 ms, found 1 plugins.
Preloading 0 native plugins for Editor in 0.00 ms.
Invoked RoslynAnalysisRunner static constructor.
RoslynAnalysisRunner will not be running.
RoslynAnalysisRunner has terminated.
Mono: successfully reloaded assembly
- Completed reload, in  1.310 seconds
Platform modules already initialized, skipping
Refreshing native plugins compatible for Editor in 0.47 ms, found 1 plugins.
Preloading 0 native plugins for Editor in 0.00 ms.
Unloading 1792 Unused Serialized files (Serialized files now loaded: 0)
System memory in use before: 85.9 MB.
System memory in use after: 85.9 MB.

Unloading 12 unused Assets to reduce memory usage. Loaded Objects now: 2397.
Total: 4.801200 ms (FindLiveObjects: 0.489900 ms CreateObjectMapping: 0.242200 ms MarkObjects: 3.831700 ms  DeleteObjects: 0.234000 ms)

========================================================================
Received Prepare
Registering precompiled user dll's ...
Registered in 0.001503 seconds.
Begin MonoManager ReloadAssembly
Native extension for WindowsStandalone target not found
Refreshing native plugins compatible for Editor in 0.80 ms, found 1 plugins.
Preloading 0 native plugins for Editor in 0.00 ms.
Invoked RoslynAnalysisRunner static constructor.
RoslynAnalysisRunner will not be running.
RoslynAnalysisRunner has terminated.
Mono: successfully reloaded assembly
- Completed reload, in  1.421 seconds
Platform modules already initialized, skipping
Refreshing native plugins compatible for Editor in 0.42 ms, found 1 plugins.
Preloading 0 native plugins for Editor in 0.00 ms.
Unloading 1792 Unused Serialized files (Serialized files now loaded: 0)
System memory in use before: 85.9 MB.
System memory in use after: 85.9 MB.

Unloading 12 unused Assets to reduce memory usage. Loaded Objects now: 2400.
Total: 7.251000 ms (FindLiveObjects: 0.609700 ms CreateObjectMapping: 0.277800 ms MarkObjects: 6.168900 ms  DeleteObjects: 0.191400 ms)

========================================================================
Received Prepare
Registering precompiled user dll's ...
Registered in 0.001398 seconds.
Begin MonoManager ReloadAssembly
Native extension for WindowsStandalone target not found
Refreshing native plugins compatible for Editor in 0.71 ms, found 1 plugins.
Preloading 0 native plugins for Editor in 0.00 ms.
Invoked RoslynAnalysisRunner static constructor.
RoslynAnalysisRunner will not be running.
RoslynAnalysisRunner has terminated.
Mono: successfully reloaded assembly
- Completed reload, in  1.171 seconds
Platform modules already initialized, skipping
Refreshing native plugins compatible for Editor in 0.74 ms, found 1 plugins.
Preloading 0 native plugins for Editor in 0.00 ms.
Unloading 1792 Unused Serialized files (Serialized files now loaded: 0)
System memory in use before: 86.0 MB.
System memory in use after: 86.0 MB.

Unloading 12 unused Assets to reduce memory usage. Loaded Objects now: 2403.
Total: 3.437500 ms (FindLiveObjects: 0.560700 ms CreateObjectMapping: 0.284700 ms MarkObjects: 2.448100 ms  DeleteObjects: 0.141900 ms)

========================================================================
Received Prepare
Registering precompiled user dll's ...
Registered in 0.001108 seconds.
Begin MonoManager ReloadAssembly
Native extension for WindowsStandalone target not found
Refreshing native plugins compatible for Editor in 0.88 ms, found 1 plugins.
Preloading 0 native plugins for Editor in 0.00 ms.
Invoked RoslynAnalysisRunner static constructor.
RoslynAnalysisRunner will not be running.
RoslynAnalysisRunner has terminated.
Mono: successfully reloaded assembly
- Completed reload, in  1.241 seconds
Platform modules already initialized, skipping
Refreshing native plugins compatible for Editor in 0.78 ms, found 1 plugins.
Preloading 0 native plugins for Editor in 0.00 ms.
Unloading 1792 Unused Serialized files (Serialized files now loaded: 0)
System memory in use before: 86.1 MB.
System memory in use after: 86.1 MB.

Unloading 12 unused Assets to reduce memory usage. Loaded Objects now: 2406.
Total: 2.449900 ms (FindLiveObjects: 0.273900 ms CreateObjectMapping: 0.085200 ms MarkObjects: 1.965400 ms  DeleteObjects: 0.123700 ms)

========================================================================
Received Prepare
Registering precompiled user dll's ...
Registered in 0.001367 seconds.
Begin MonoManager ReloadAssembly
Native extension for WindowsStandalone target not found
Refreshing native plugins compatible for Editor in 0.80 ms, found 1 plugins.
Preloading 0 native plugins for Editor in 0.00 ms.
Invoked RoslynAnalysisRunner static constructor.
RoslynAnalysisRunner will not be running.
RoslynAnalysisRunner has terminated.
Mono: successfully reloaded assembly
- Completed reload, in  1.210 seconds
Platform modules already initialized, skipping
Refreshing native plugins compatible for Editor in 0.57 ms, found 1 plugins.
Preloading 0 native plugins for Editor in 0.00 ms.
Unloading 1792 Unused Serialized files (Serialized files now loaded: 0)
System memory in use before: 86.1 MB.
System memory in use after: 86.1 MB.

Unloading 12 unused Assets to reduce memory usage. Loaded Objects now: 2409.
Total: 4.205900 ms (FindLiveObjects: 0.320100 ms CreateObjectMapping: 0.187300 ms MarkObjects: 3.501200 ms  DeleteObjects: 0.194900 ms)

========================================================================
Received Prepare
Refreshing native plugins compatible for Editor in 2.36 ms, found 1 plugins.
Preloading 0 native plugins for Editor in 0.00 ms.
Unloading 10 Unused Serialized files (Serialized files now loaded: 0)
System memory in use before: 51.0 MB.
System memory in use after: 51.0 MB.

Unloading 10 unused Assets to reduce memory usage. Loaded Objects now: 2409.
Total: 6.317400 ms (FindLiveObjects: 0.611600 ms CreateObjectMapping: 0.311200 ms MarkObjects: 5.211100 ms  DeleteObjects: 0.180600 ms)

